=================================================
Project : math_98	start : 22/07/16 08:15
Current failed test : org.apache.commons.math.linear.BigMatrixImplTest::testMath209_purify_1 | 22/07/16 08:16
Sat Jul 16 08:16:37 UTC 2022 org.apache.commons.math.linear.BigMatrixImpl,986
Sat Jul 16 08:21:54 UTC 2022 org.apache.commons.math.linear.BigMatrixImpl,989
Sat Jul 16 08:27:54 UTC 2022 org.apache.commons.math.linear.BigMatrixImpl,990
Sat Jul 16 08:30:36 UTC 2022 org.apache.commons.math.linear.BigMatrixImpl,991
Timeout time : 22/07/16 08:53
Current failed test : org.apache.commons.math.linear.BigMatrixImplTest::testMath209_purify_2 | 22/07/16 08:53
Sat Jul 16 08:53:40 UTC 2022 org.apache.commons.math.linear.BigMatrixImpl,986
Sat Jul 16 08:58:52 UTC 2022 org.apache.commons.math.linear.BigMatrixImpl,989
Sat Jul 16 09:04:38 UTC 2022 org.apache.commons.math.linear.BigMatrixImpl,990
Sat Jul 16 09:07:08 UTC 2022 org.apache.commons.math.linear.BigMatrixImpl,991
Timeout time : 22/07/16 09:30
Current failed test : org.apache.commons.math.linear.BigMatrixImplTest::testMath209_purify_3 | 22/07/16 09:30
Sat Jul 16 09:30:43 UTC 2022 org.apache.commons.math.linear.BigMatrixImpl,986
Sat Jul 16 09:35:25 UTC 2022 org.apache.commons.math.linear.BigMatrixImpl,989
Sat Jul 16 09:41:36 UTC 2022 org.apache.commons.math.linear.BigMatrixImpl,990
Sat Jul 16 09:44:30 UTC 2022 org.apache.commons.math.linear.BigMatrixImpl,991
Timeout time : 22/07/16 10:07
Current failed test : org.apache.commons.math.linear.BigMatrixImplTest::testMath209_purify_4 | 22/07/16 10:07
Sat Jul 16 10:07:46 UTC 2022 org.apache.commons.math.linear.BigMatrixImpl,986
Sat Jul 16 10:12:36 UTC 2022 org.apache.commons.math.linear.BigMatrixImpl,989
Sat Jul 16 10:18:18 UTC 2022 org.apache.commons.math.linear.BigMatrixImpl,990
Sat Jul 16 10:20:48 UTC 2022 org.apache.commons.math.linear.BigMatrixImpl,991
Timeout time : 22/07/16 10:44
Current failed test : org.apache.commons.math.linear.RealMatrixImplTest::testMath209_purify_1 | 22/07/16 10:44
Sat Jul 16 10:44:47 UTC 2022 org.apache.commons.math.linear.BigMatrixImpl,986
Sat Jul 16 10:48:09 UTC 2022 org.apache.commons.math.linear.BigMatrixImpl,989
Sat Jul 16 10:52:17 UTC 2022 org.apache.commons.math.linear.BigMatrixImpl,990
Sat Jul 16 10:54:06 UTC 2022 org.apache.commons.math.linear.BigMatrixImpl,991
Timeout time : 22/07/16 11:21
Current failed test : org.apache.commons.math.linear.RealMatrixImplTest::testMath209_purify_2 | 22/07/16 11:21
Sat Jul 16 11:21:51 UTC 2022 org.apache.commons.math.linear.BigMatrixImpl,986
Sat Jul 16 11:27:06 UTC 2022 org.apache.commons.math.linear.BigMatrixImpl,989
Sat Jul 16 11:32:41 UTC 2022 org.apache.commons.math.linear.BigMatrixImpl,990
Sat Jul 16 11:35:16 UTC 2022 org.apache.commons.math.linear.BigMatrixImpl,991
Timeout time : 22/07/16 11:58
Current failed test : org.apache.commons.math.linear.RealMatrixImplTest::testMath209_purify_3 | 22/07/16 11:58
Sat Jul 16 11:58:53 UTC 2022 org.apache.commons.math.linear.BigMatrixImpl,986
Sat Jul 16 12:03:32 UTC 2022 org.apache.commons.math.linear.BigMatrixImpl,989
Sat Jul 16 12:09:02 UTC 2022 org.apache.commons.math.linear.BigMatrixImpl,990
Sat Jul 16 12:11:29 UTC 2022 org.apache.commons.math.linear.BigMatrixImpl,991
Timeout time : 22/07/16 12:35
Current failed test : org.apache.commons.math.linear.RealMatrixImplTest::testMath209_purify_4 | 22/07/16 12:35
Sat Jul 16 12:35:54 UTC 2022 org.apache.commons.math.linear.BigMatrixImpl,986
Sat Jul 16 12:40:47 UTC 2022 org.apache.commons.math.linear.BigMatrixImpl,989
Sat Jul 16 12:46:53 UTC 2022 org.apache.commons.math.linear.BigMatrixImpl,990
Sat Jul 16 12:49:28 UTC 2022 org.apache.commons.math.linear.BigMatrixImpl,991
Timeout time : 22/07/16 13:12
