=================================================
Project : lang_27	start : 22/06/29 16:28
Current failed test : org.apache.commons.lang3.math.NumberUtilsTest::testCreateNumber | 22/06/29 16:28
Wed Jun 29 16:28:15 UTC 2022 Wed Jun 29 16:28:15 UTC 2022 : org.apache.commons.lang3.SystemUtils,104=>Find no block
Wed Jun 29 16:28:16 UTC 2022 Wed Jun 29 16:28:16 UTC 2022 : org.apache.commons.lang3.SystemUtils,127=>Find no block
Wed Jun 29 16:28:17 UTC 2022 Wed Jun 29 16:28:17 UTC 2022 : org.apache.commons.lang3.SystemUtils,146=>Find no block
Wed Jun 29 16:28:18 UTC 2022 Wed Jun 29 16:28:18 UTC 2022 : org.apache.commons.lang3.SystemUtils,165=>Find no block
Wed Jun 29 16:28:19 UTC 2022 Wed Jun 29 16:28:19 UTC 2022 : org.apache.commons.lang3.SystemUtils,184=>Find no block
Wed Jun 29 16:28:20 UTC 2022 Wed Jun 29 16:28:20 UTC 2022 : org.apache.commons.lang3.SystemUtils,206=>Find no block
Wed Jun 29 16:28:20 UTC 2022 Wed Jun 29 16:28:20 UTC 2022 : org.apache.commons.lang3.SystemUtils,225=>Find no block
Wed Jun 29 16:28:20 UTC 2022 Wed Jun 29 16:28:20 UTC 2022 : org.apache.commons.lang3.SystemUtils,244=>Find no block
Wed Jun 29 16:28:21 UTC 2022 Wed Jun 29 16:28:21 UTC 2022 : org.apache.commons.lang3.SystemUtils,263=>Find no block
Wed Jun 29 16:28:22 UTC 2022 Wed Jun 29 16:28:22 UTC 2022 : org.apache.commons.lang3.SystemUtils,283=>Find no block
Wed Jun 29 16:28:22 UTC 2022 Wed Jun 29 16:28:22 UTC 2022 : org.apache.commons.lang3.SystemUtils,302=>Find no block
Wed Jun 29 16:28:23 UTC 2022 Wed Jun 29 16:28:23 UTC 2022 : org.apache.commons.lang3.SystemUtils,321=>Find no block
Wed Jun 29 16:28:24 UTC 2022 Wed Jun 29 16:28:24 UTC 2022 : org.apache.commons.lang3.SystemUtils,340=>Find no block
Wed Jun 29 16:28:24 UTC 2022 Wed Jun 29 16:28:24 UTC 2022 : org.apache.commons.lang3.SystemUtils,359=>Find no block
Wed Jun 29 16:28:25 UTC 2022 Wed Jun 29 16:28:25 UTC 2022 : org.apache.commons.lang3.SystemUtils,378=>Find no block
Wed Jun 29 16:28:25 UTC 2022 Wed Jun 29 16:28:25 UTC 2022 : org.apache.commons.lang3.SystemUtils,398=>Find no block
Wed Jun 29 16:28:27 UTC 2022 Wed Jun 29 16:28:27 UTC 2022 : org.apache.commons.lang3.SystemUtils,418=>Find no block
Wed Jun 29 16:28:27 UTC 2022 Wed Jun 29 16:28:27 UTC 2022 : org.apache.commons.lang3.SystemUtils,437=>Find no block
Wed Jun 29 16:28:27 UTC 2022 Wed Jun 29 16:28:27 UTC 2022 : org.apache.commons.lang3.SystemUtils,456=>Find no block
Wed Jun 29 16:28:27 UTC 2022 Wed Jun 29 16:28:27 UTC 2022 : org.apache.commons.lang3.SystemUtils,475=>Find no block
Wed Jun 29 16:28:27 UTC 2022 Wed Jun 29 16:28:27 UTC 2022 : org.apache.commons.lang3.SystemUtils,495=>Find no block
Wed Jun 29 16:28:28 UTC 2022 Wed Jun 29 16:28:28 UTC 2022 : org.apache.commons.lang3.SystemUtils,514=>Find no block
Wed Jun 29 16:28:28 UTC 2022 Wed Jun 29 16:28:28 UTC 2022 : org.apache.commons.lang3.SystemUtils,533=>Find no block
Wed Jun 29 16:28:28 UTC 2022 Wed Jun 29 16:28:28 UTC 2022 : org.apache.commons.lang3.SystemUtils,552=>Find no block
Wed Jun 29 16:28:28 UTC 2022 Wed Jun 29 16:28:28 UTC 2022 : org.apache.commons.lang3.SystemUtils,572=>Find no block
Wed Jun 29 16:28:28 UTC 2022 Wed Jun 29 16:28:28 UTC 2022 : org.apache.commons.lang3.SystemUtils,591=>Find no block
Wed Jun 29 16:28:29 UTC 2022 Wed Jun 29 16:28:29 UTC 2022 : org.apache.commons.lang3.SystemUtils,610=>Find no block
Wed Jun 29 16:28:29 UTC 2022 Wed Jun 29 16:28:29 UTC 2022 : org.apache.commons.lang3.SystemUtils,629=>Find no block
Wed Jun 29 16:28:29 UTC 2022 Wed Jun 29 16:28:29 UTC 2022 : org.apache.commons.lang3.SystemUtils,648=>Find no block
Wed Jun 29 16:28:29 UTC 2022 Wed Jun 29 16:28:29 UTC 2022 : org.apache.commons.lang3.SystemUtils,667=>Find no block
Wed Jun 29 16:28:29 UTC 2022 Wed Jun 29 16:28:29 UTC 2022 : org.apache.commons.lang3.SystemUtils,686=>Find no block
Wed Jun 29 16:28:29 UTC 2022 Wed Jun 29 16:28:29 UTC 2022 : org.apache.commons.lang3.SystemUtils,705=>Find no block
Wed Jun 29 16:28:29 UTC 2022 Wed Jun 29 16:28:29 UTC 2022 : org.apache.commons.lang3.SystemUtils,724=>Find no block
Wed Jun 29 16:28:29 UTC 2022 Wed Jun 29 16:28:29 UTC 2022 : org.apache.commons.lang3.SystemUtils,743=>Find no block
Wed Jun 29 16:28:30 UTC 2022 Wed Jun 29 16:28:30 UTC 2022 : org.apache.commons.lang3.SystemUtils,762=>Find no block
Wed Jun 29 16:28:30 UTC 2022 Wed Jun 29 16:28:30 UTC 2022 : org.apache.commons.lang3.SystemUtils,781=>Find no block
Wed Jun 29 16:28:30 UTC 2022 Wed Jun 29 16:28:30 UTC 2022 : org.apache.commons.lang3.SystemUtils,802=>Find no block
Wed Jun 29 16:28:30 UTC 2022 Wed Jun 29 16:28:30 UTC 2022 : org.apache.commons.lang3.SystemUtils,822=>Find no block
Wed Jun 29 16:28:30 UTC 2022 Wed Jun 29 16:28:30 UTC 2022 : org.apache.commons.lang3.SystemUtils,841=>Find no block
Wed Jun 29 16:28:31 UTC 2022 Wed Jun 29 16:28:31 UTC 2022 : org.apache.commons.lang3.SystemUtils,861=>Find no block
Wed Jun 29 16:28:31 UTC 2022 Wed Jun 29 16:28:31 UTC 2022 : org.apache.commons.lang3.SystemUtils,880=>Find no block
Wed Jun 29 16:28:31 UTC 2022 Wed Jun 29 16:28:31 UTC 2022 : org.apache.commons.lang3.SystemUtils,899=>Find no block
Wed Jun 29 16:28:32 UTC 2022 Wed Jun 29 16:28:32 UTC 2022 : org.apache.commons.lang3.SystemUtils,917=>Find no block
Wed Jun 29 16:28:32 UTC 2022 Wed Jun 29 16:28:32 UTC 2022 : org.apache.commons.lang3.SystemUtils,943=>Find no block
Wed Jun 29 16:28:32 UTC 2022 Wed Jun 29 16:28:32 UTC 2022 : org.apache.commons.lang3.SystemUtils,964=>Find no block
Wed Jun 29 16:28:33 UTC 2022 Wed Jun 29 16:28:33 UTC 2022 : org.apache.commons.lang3.SystemUtils,980=>Find no block
Wed Jun 29 16:28:33 UTC 2022 Wed Jun 29 16:28:33 UTC 2022 : org.apache.commons.lang3.SystemUtils,991=>Find no block
Wed Jun 29 16:28:33 UTC 2022 Wed Jun 29 16:28:33 UTC 2022 : org.apache.commons.lang3.SystemUtils,1002=>Find no block
Wed Jun 29 16:28:33 UTC 2022 Wed Jun 29 16:28:33 UTC 2022 : org.apache.commons.lang3.SystemUtils,1013=>Find no block
Wed Jun 29 16:28:34 UTC 2022 Wed Jun 29 16:28:34 UTC 2022 : org.apache.commons.lang3.SystemUtils,1024=>Find no block
Wed Jun 29 16:28:34 UTC 2022 Wed Jun 29 16:28:34 UTC 2022 : org.apache.commons.lang3.SystemUtils,1035=>Find no block
Wed Jun 29 16:28:34 UTC 2022 Wed Jun 29 16:28:34 UTC 2022 : org.apache.commons.lang3.SystemUtils,1048=>Find no block
Wed Jun 29 16:28:34 UTC 2022 Wed Jun 29 16:28:34 UTC 2022 : org.apache.commons.lang3.SystemUtils,1069=>Find no block
Wed Jun 29 16:28:34 UTC 2022 Wed Jun 29 16:28:34 UTC 2022 : org.apache.commons.lang3.SystemUtils,1082=>Find no block
Wed Jun 29 16:28:34 UTC 2022 Wed Jun 29 16:28:34 UTC 2022 : org.apache.commons.lang3.SystemUtils,1095=>Find no block
Wed Jun 29 16:28:35 UTC 2022 Wed Jun 29 16:28:35 UTC 2022 : org.apache.commons.lang3.SystemUtils,1108=>Find no block
Wed Jun 29 16:28:35 UTC 2022 Wed Jun 29 16:28:35 UTC 2022 : org.apache.commons.lang3.SystemUtils,1121=>Find no block
Wed Jun 29 16:28:35 UTC 2022 Wed Jun 29 16:28:35 UTC 2022 : org.apache.commons.lang3.SystemUtils,1134=>Find no block
Wed Jun 29 16:28:35 UTC 2022 Wed Jun 29 16:28:35 UTC 2022 : org.apache.commons.lang3.SystemUtils,1147=>Find no block
Wed Jun 29 16:28:35 UTC 2022 Wed Jun 29 16:28:35 UTC 2022 : org.apache.commons.lang3.SystemUtils,1160=>Find no block
Wed Jun 29 16:28:36 UTC 2022 Wed Jun 29 16:28:36 UTC 2022 : org.apache.commons.lang3.SystemUtils,1173=>Find no block
Wed Jun 29 16:28:36 UTC 2022 Wed Jun 29 16:28:36 UTC 2022 : org.apache.commons.lang3.SystemUtils,1186=>Find no block
Wed Jun 29 16:28:36 UTC 2022 Wed Jun 29 16:28:36 UTC 2022 : org.apache.commons.lang3.SystemUtils,1200=>Find no block
Wed Jun 29 16:28:36 UTC 2022 Wed Jun 29 16:28:36 UTC 2022 : org.apache.commons.lang3.SystemUtils,1213=>Find no block
Wed Jun 29 16:28:37 UTC 2022 Wed Jun 29 16:28:37 UTC 2022 : org.apache.commons.lang3.SystemUtils,1226=>Find no block
Wed Jun 29 16:28:37 UTC 2022 Wed Jun 29 16:28:37 UTC 2022 : org.apache.commons.lang3.SystemUtils,1240=>Find no block
Wed Jun 29 16:28:37 UTC 2022 Wed Jun 29 16:28:37 UTC 2022 : org.apache.commons.lang3.SystemUtils,1254=>Find no block
Wed Jun 29 16:28:37 UTC 2022 Wed Jun 29 16:28:37 UTC 2022 : org.apache.commons.lang3.SystemUtils,1268=>Find no block
Wed Jun 29 16:28:38 UTC 2022 Wed Jun 29 16:28:38 UTC 2022 : org.apache.commons.lang3.SystemUtils,1282=>Find no block
Wed Jun 29 16:28:38 UTC 2022 Wed Jun 29 16:28:38 UTC 2022 : org.apache.commons.lang3.SystemUtils,1296=>Find no block
Wed Jun 29 16:28:38 UTC 2022 Wed Jun 29 16:28:38 UTC 2022 : org.apache.commons.lang3.SystemUtils,1309=>Find no block
Wed Jun 29 16:28:38 UTC 2022 org.apache.commons.lang3.SystemUtils,1364
Wed Jun 29 16:28:48 UTC 2022 org.apache.commons.lang3.SystemUtils,1388
Wed Jun 29 16:28:55 UTC 2022 org.apache.commons.lang3.SystemUtils,1401
Wed Jun 29 16:28:56 UTC 2022 org.apache.commons.lang3.SystemUtils,1410
Wed Jun 29 16:32:49 UTC 2022 org.apache.commons.lang3.SystemUtils,1411
Wed Jun 29 16:32:50 UTC 2022 org.apache.commons.lang3.SystemUtils,1412
Wed Jun 29 16:32:50 UTC 2022 org.apache.commons.lang3.SystemUtils,1413
Wed Jun 29 16:32:50 UTC 2022 org.apache.commons.lang3.SystemUtils,1414
Wed Jun 29 16:32:50 UTC 2022 org.apache.commons.lang3.SystemUtils,1431
Wed Jun 29 16:33:00 UTC 2022 org.apache.commons.lang3.SystemUtils,1442
Wed Jun 29 16:33:08 UTC 2022 org.apache.commons.lang3.SystemUtils,1462
Wed Jun 29 16:33:09 UTC 2022 org.apache.commons.lang3.SystemUtils,1534
Wed Jun 29 16:33:10 UTC 2022 org.apache.commons.lang3.SystemUtils,1574
Wed Jun 29 16:33:10 UTC 2022 org.apache.commons.lang3.SystemUtils,1577
Wed Jun 29 16:33:37 UTC 2022 org.apache.commons.lang3.SystemUtils,1597
Wed Jun 29 16:33:38 UTC 2022 org.apache.commons.lang3.SystemUtils,1600
Wed Jun 29 16:33:38 UTC 2022 org.apache.commons.lang3.SystemUtils,1616
Wed Jun 29 16:33:46 UTC 2022 org.apache.commons.lang3.SystemUtils,1619
Wed Jun 29 16:34:11 UTC 2022 org.apache.commons.lang3.SystemUtils,1716
Wed Jun 29 16:34:12 UTC 2022 org.apache.commons.lang3.SystemUtils,1719
Wed Jun 29 16:36:26 UTC 2022 org.apache.commons.lang3.SystemUtils,1720
Wed Jun 29 16:38:33 UTC 2022 org.apache.commons.lang3.SystemUtils,1721
Wed Jun 29 16:42:20 UTC 2022 org.apache.commons.lang3.SystemUtils,1722
Wed Jun 29 16:42:20 UTC 2022 org.apache.commons.lang3.SystemUtils,1723
Wed Jun 29 16:42:20 UTC 2022 org.apache.commons.lang3.SystemUtils,1724
Wed Jun 29 16:42:20 UTC 2022 org.apache.commons.lang3.SystemUtils,1725
Wed Jun 29 16:42:20 UTC 2022 org.apache.commons.lang3.SystemUtils,1728
Wed Jun 29 16:44:13 UTC 2022 org.apache.commons.lang3.SystemUtils,1752
Wed Jun 29 16:45:10 UTC 2022 org.apache.commons.lang3.SystemUtils,1755
Wed Jun 29 16:45:50 UTC 2022 org.apache.commons.lang3.SystemUtils,1758
Wed Jun 29 16:47:35 UTC 2022 org.apache.commons.lang3.SystemUtils,1759
Wed Jun 29 16:48:29 UTC 2022 org.apache.commons.lang3.SystemUtils,1760
Wed Jun 29 16:51:25 UTC 2022 org.apache.commons.lang3.SystemUtils,1761
Wed Jun 29 16:55:08 UTC 2022 org.apache.commons.lang3.SystemUtils,1762
Wed Jun 29 16:55:08 UTC 2022 org.apache.commons.lang3.SystemUtils,1765
Wed Jun 29 17:00:21 UTC 2022 org.apache.commons.lang3.SystemUtils,1792
Wed Jun 29 17:00:32 UTC 2022 org.apache.commons.lang3.SystemUtils,1795
Wed Jun 29 17:03:20 UTC 2022 org.apache.commons.lang3.SystemUtils,1796
Wed Jun 29 17:07:43 UTC 2022 org.apache.commons.lang3.SystemUtils,1797
Wed Jun 29 17:09:23 UTC 2022 org.apache.commons.lang3.SystemUtils,1798
Wed Jun 29 17:09:23 UTC 2022 org.apache.commons.lang3.SystemUtils,1800
Wed Jun 29 17:11:41 UTC 2022 org.apache.commons.lang3.SystemUtils,1801
Wed Jun 29 17:11:42 UTC 2022 org.apache.commons.lang3.SystemUtils,1803
Wed Jun 29 17:13:57 UTC 2022 org.apache.commons.lang3.SystemUtils,1804
Wed Jun 29 17:13:57 UTC 2022 org.apache.commons.lang3.SystemUtils,1806
Wed Jun 29 17:16:21 UTC 2022 Wed Jun 29 17:16:21 UTC 2022 : org.apache.commons.lang3.math.NumberUtils,512=>Find no block
Wed Jun 29 17:16:21 UTC 2022 org.apache.commons.lang3.math.NumberUtils,515
Wed Jun 29 17:17:14 UTC 2022 Wed Jun 29 17:17:14 UTC 2022 : org.apache.commons.lang3.math.NumberUtils,531=>Find no block
Wed Jun 29 17:17:14 UTC 2022 Wed Jun 29 17:17:14 UTC 2022 : org.apache.commons.lang3.math.NumberUtils,542=>Find no block
Wed Jun 29 17:17:14 UTC 2022 Wed Jun 29 17:17:14 UTC 2022 : org.apache.commons.lang3.math.NumberUtils,585=>Find no block
Wed Jun 29 17:17:14 UTC 2022 org.apache.commons.lang3.math.NumberUtils,588
Wed Jun 29 17:17:26 UTC 2022 org.apache.commons.lang3.math.NumberUtils,589
Wed Jun 29 17:17:27 UTC 2022 org.apache.commons.lang3.math.NumberUtils,454

----------------------------------------
----------------------------------------
Pass Single Test : [=>0,0]
if(str!=null){
return null;
}

Time : 22/06/29 17:17
----------------------------------------
Wed Jun 29 17:18:18 UTC 2022 org.apache.commons.lang3.math.NumberUtils,467

----------------------------------------
----------------------------------------
Pass Single Test : [=>0,0]
str=str.toLowerCase();
if(str.startsWith("0x")||str.startsWith("-0x")){
return createInteger(str);
}

Time : 22/06/29 17:18
----------------------------------------

----------------------------------------
----------------------------------------
Similar code block : 1.274489227814903 : [/data/MutationAnalysis/target_classes_comment_new/Lang/Lang_27_buggy/src/main/java/org/apache/commons/lang3/math/NumberUtils.java=>0,0]
int delimLen=(delimiters==null?-1:delimiters.length);
if(str==null||str.length()==0||delimLen==0){
return str;
}
str=str.toLowerCase();
return capitalize(str,delimiters);

Time : 22/06/29 17:19
----------------------------------------

----------------------------------------
----------------------------------------
Original source code : [/data/MutationAnalysis/target_classes_comment_new/Lang/Lang_27_buggy/src/main/java/org/apache/commons/lang3/math/NumberUtils.java=>466,468]
if(str.startsWith("0x")||str.startsWith("-0x")){
return createInteger(str);
}

Time : 22/06/29 17:19
----------------------------------------

----------------------------------------
----------------------------------------
Find a patch : [/data/MutationAnalysis/target_classes_comment_new/Lang/Lang_27_buggy/src/main/java/org/apache/commons/lang3/math/NumberUtils.java=>466,468]
str=str.toLowerCase();
if(str.startsWith("0x")||str.startsWith("-0x")){
return createInteger(str);
}

Time : 22/06/29 17:19
----------------------------------------
Wed Jun 29 17:19:16 UTC 2022 org.apache.commons.lang3.math.NumberUtils,478
Wed Jun 29 17:26:12 UTC 2022 org.apache.commons.lang3.math.NumberUtils,479
Wed Jun 29 17:26:12 UTC 2022 org.apache.commons.lang3.math.NumberUtils,482
Wed Jun 29 17:26:12 UTC 2022 org.apache.commons.lang3.math.NumberUtils,484
Wed Jun 29 17:26:12 UTC 2022 org.apache.commons.lang3.math.NumberUtils,486
Wed Jun 29 17:29:35 UTC 2022 org.apache.commons.lang3.math.NumberUtils,489

----------------------------------------
----------------------------------------
Pass Single Test : [=>0,0]
if(expPos>-1&&expPos<str.length()-1){
mant=str.substring(0,expPos);
}else {
mant=str;
}

Time : 22/06/29 17:30
----------------------------------------

----------------------------------------
----------------------------------------
Similar code block : 2.0297619047619047 : [/data/MutationAnalysis/target_classes_comment_new/Lang/Lang_27_buggy/src/main/java/org/apache/commons/lang3/math/NumberUtils.java=>0,0]
if(expPos>-1&&expPos<str.length()-1){
exp=str.substring(expPos+1,str.length());
}else {
exp=null;
}

Time : 22/06/29 17:30
----------------------------------------

----------------------------------------
----------------------------------------
Original source code : [/data/MutationAnalysis/target_classes_comment_new/Lang/Lang_27_buggy/src/main/java/org/apache/commons/lang3/math/NumberUtils.java=>488,492]
if(expPos>-1){
mant=str.substring(0,expPos);
}else {
mant=str;
}

Time : 22/06/29 17:30
----------------------------------------

----------------------------------------
----------------------------------------
Find a patch : [/data/MutationAnalysis/target_classes_comment_new/Lang/Lang_27_buggy/src/main/java/org/apache/commons/lang3/math/NumberUtils.java=>488,492]
if(expPos>-1&&expPos<str.length()-1){
mant=str.substring(0,expPos);
}else {
mant=str;
}

Time : 22/06/29 17:30
----------------------------------------

----------------------------------------
----------------------------------------
Pass Single Test : [=>0,0]
expPos=str.indexOf('/');
if(expPos>-1){
mant=str.substring(0,expPos);
}else {
mant=str;
}

Time : 22/06/29 17:30
----------------------------------------

----------------------------------------
----------------------------------------
Pass Single Test : [=>0,0]
expPos=str.indexOf(' ',decPos+decPos);
if(expPos>-1){
mant=str.substring(0,expPos);
}else {
mant=str;
}

Time : 22/06/29 17:31
----------------------------------------

----------------------------------------
----------------------------------------
Pass Single Test : [=>0,0]
if(decPos>expPos){
mant=str.substring(0,expPos);
}else {
mant=str;
}

Time : 22/06/29 17:31
----------------------------------------

----------------------------------------
----------------------------------------
Similar code block : 1.5339572652875328 : [/data/MutationAnalysis/target_classes_comment_new/Lang/Lang_27_buggy/src/main/java/org/apache/commons/lang3/math/NumberUtils.java=>0,0]
if(index>upper){
result.append(str.substring(0,upper));
result.append(StringUtils.defaultString(appendToEnd));
}else {
result.append(str.substring(0,index));
result.append(StringUtils.defaultString(appendToEnd));
}

Time : 22/06/29 17:31
----------------------------------------

----------------------------------------
----------------------------------------
Original source code : [/data/MutationAnalysis/target_classes_comment_new/Lang/Lang_27_buggy/src/main/java/org/apache/commons/lang3/math/NumberUtils.java=>488,492]
if(expPos>-1){
mant=str.substring(0,expPos);
}else {
mant=str;
}

Time : 22/06/29 17:31
----------------------------------------

----------------------------------------
----------------------------------------
Find a patch : [/data/MutationAnalysis/target_classes_comment_new/Lang/Lang_27_buggy/src/main/java/org/apache/commons/lang3/math/NumberUtils.java=>488,492]
if(decPos>expPos){
mant=str.substring(0,expPos);
}else {
mant=str;
}

Time : 22/06/29 17:31
----------------------------------------

----------------------------------------
----------------------------------------
Pass Single Test : [=>0,0]
if(decPos>-1){
mant=str.substring(0,expPos);
}else {
mant=str;
}

Time : 22/06/29 17:31
----------------------------------------

----------------------------------------
----------------------------------------
Similar code block : 1.5339572652875328 : [/data/MutationAnalysis/target_classes_comment_new/Lang/Lang_27_buggy/src/main/java/org/apache/commons/lang3/math/NumberUtils.java=>0,0]
if(index>upper){
result.append(str.substring(0,upper));
result.append(StringUtils.defaultString(appendToEnd));
}else {
result.append(str.substring(0,index));
result.append(StringUtils.defaultString(appendToEnd));
}

Time : 22/06/29 17:32
----------------------------------------

----------------------------------------
----------------------------------------
Original source code : [/data/MutationAnalysis/target_classes_comment_new/Lang/Lang_27_buggy/src/main/java/org/apache/commons/lang3/math/NumberUtils.java=>488,492]
if(expPos>-1){
mant=str.substring(0,expPos);
}else {
mant=str;
}

Time : 22/06/29 17:32
----------------------------------------

----------------------------------------
----------------------------------------
Find a patch : [/data/MutationAnalysis/target_classes_comment_new/Lang/Lang_27_buggy/src/main/java/org/apache/commons/lang3/math/NumberUtils.java=>488,492]
if(decPos>-1){
mant=str.substring(0,expPos);
}else {
mant=str;
}

Time : 22/06/29 17:32
----------------------------------------

----------------------------------------
----------------------------------------
Pass Single Test : [=>0,0]
if(decPos>=expPos){
mant=str.substring(0,expPos);
}else {
mant=str;
}

Time : 22/06/29 17:33
----------------------------------------
Wed Jun 29 17:33:42 UTC 2022 org.apache.commons.lang3.math.NumberUtils,497
Wed Jun 29 17:38:44 UTC 2022 org.apache.commons.lang3.math.NumberUtils,522
Wed Jun 29 17:38:56 UTC 2022 org.apache.commons.lang3.math.NumberUtils,523
Wed Jun 29 17:39:07 UTC 2022 org.apache.commons.lang3.math.NumberUtils,526
Wed Jun 29 17:39:07 UTC 2022 org.apache.commons.lang3.math.NumberUtils,536
Wed Jun 29 17:39:22 UTC 2022 org.apache.commons.lang3.math.NumberUtils,537
Wed Jun 29 17:39:33 UTC 2022 org.apache.commons.lang3.math.NumberUtils,538
Wed Jun 29 17:39:34 UTC 2022 org.apache.commons.lang3.math.NumberUtils,544
Wed Jun 29 17:39:47 UTC 2022 org.apache.commons.lang3.math.NumberUtils,556
Wed Jun 29 17:44:42 UTC 2022 org.apache.commons.lang3.math.NumberUtils,557
Wed Jun 29 17:44:42 UTC 2022 org.apache.commons.lang3.math.NumberUtils,559
Wed Jun 29 17:44:42 UTC 2022 org.apache.commons.lang3.math.NumberUtils,561
Wed Jun 29 17:46:43 UTC 2022 org.apache.commons.lang3.math.NumberUtils,564
Wed Jun 29 17:46:51 UTC 2022 Wed Jun 29 17:46:51 UTC 2022 : org.apache.commons.lang3.math.NumberUtils,565=>Find no block
Wed Jun 29 17:46:51 UTC 2022 org.apache.commons.lang3.math.NumberUtils,569
Wed Jun 29 17:46:59 UTC 2022 Wed Jun 29 17:46:59 UTC 2022 : org.apache.commons.lang3.math.NumberUtils,570=>Find no block
Wed Jun 29 17:46:59 UTC 2022 org.apache.commons.lang3.math.NumberUtils,573
Wed Jun 29 17:47:10 UTC 2022 org.apache.commons.lang3.math.NumberUtils,577
Wed Jun 29 17:47:19 UTC 2022 org.apache.commons.lang3.math.NumberUtils,579
Wed Jun 29 17:47:31 UTC 2022 org.apache.commons.lang3.math.NumberUtils,580
Wed Jun 29 17:47:31 UTC 2022 org.apache.commons.lang3.math.NumberUtils,581
Wed Jun 29 17:47:31 UTC 2022 org.apache.commons.lang3.math.NumberUtils,587
Wed Jun 29 17:47:46 UTC 2022 org.apache.commons.lang3.math.NumberUtils,453
Wed Jun 29 17:47:46 UTC 2022 org.apache.commons.lang3.math.NumberUtils,456

----------------------------------------
----------------------------------------
Pass Single Test : [=>0,0]
str=str.toLowerCase();
if(StringUtils.isBlank(str)){
throw new NumberFormatException("A blank string is not a valid number");
}

Time : 22/06/29 17:48
----------------------------------------

----------------------------------------
----------------------------------------
Similar code block : 0.9820026264235803 : [/data/MutationAnalysis/target_classes_comment_new/Lang/Lang_27_buggy/src/main/java/org/apache/commons/lang3/math/NumberUtils.java=>0,0]
int delimLen=(delimiters==null?-1:delimiters.length);
if(str==null||str.length()==0||delimLen==0){
return str;
}
str=str.toLowerCase();
return capitalize(str,delimiters);

Time : 22/06/29 17:49
----------------------------------------

----------------------------------------
----------------------------------------
Original source code : [/data/MutationAnalysis/target_classes_comment_new/Lang/Lang_27_buggy/src/main/java/org/apache/commons/lang3/math/NumberUtils.java=>456,458]
if(StringUtils.isBlank(str)){
throw new NumberFormatException("A blank string is not a valid number");
}

Time : 22/06/29 17:49
----------------------------------------

----------------------------------------
----------------------------------------
Find a patch : [/data/MutationAnalysis/target_classes_comment_new/Lang/Lang_27_buggy/src/main/java/org/apache/commons/lang3/math/NumberUtils.java=>456,458]
str=str.toLowerCase();
if(StringUtils.isBlank(str)){
throw new NumberFormatException("A blank string is not a valid number");
}

Time : 22/06/29 17:49
----------------------------------------
Wed Jun 29 17:49:09 UTC 2022 org.apache.commons.lang3.math.NumberUtils,459
Wed Jun 29 17:49:35 UTC 2022 org.apache.commons.lang3.math.NumberUtils,466
Wed Jun 29 17:49:35 UTC 2022 org.apache.commons.lang3.math.NumberUtils,469

----------------------------------------
----------------------------------------
Pass Single Test : [=>0,0]
str=str.toLowerCase();
if(str.startsWith("0x")||str.startsWith("-0x")){
return createInteger(str);
}
char lastChar=str.charAt(str.length()-1);
String mant;

Time : 22/06/29 17:50
----------------------------------------

----------------------------------------
----------------------------------------
Similar code block : 1.7050408686487601 : [/data/MutationAnalysis/target_classes_comment_new/Lang/Lang_27_buggy/src/main/java/org/apache/commons/lang3/math/NumberUtils.java=>0,0]
int delimLen=(delimiters==null?-1:delimiters.length);
if(str==null||str.length()==0||delimLen==0){
return str;
}
str=str.toLowerCase();
return capitalize(str,delimiters);

Time : 22/06/29 17:51
----------------------------------------

----------------------------------------
----------------------------------------
Original source code : [/data/MutationAnalysis/target_classes_comment_new/Lang/Lang_27_buggy/src/main/java/org/apache/commons/lang3/math/NumberUtils.java=>466,470]
if(str.startsWith("0x")||str.startsWith("-0x")){
return createInteger(str);
}
char lastChar=str.charAt(str.length()-1);
String mant;

Time : 22/06/29 17:51
----------------------------------------

----------------------------------------
----------------------------------------
Find a patch : [/data/MutationAnalysis/target_classes_comment_new/Lang/Lang_27_buggy/src/main/java/org/apache/commons/lang3/math/NumberUtils.java=>466,470]
str=str.toLowerCase();
if(str.startsWith("0x")||str.startsWith("-0x")){
return createInteger(str);
}
char lastChar=str.charAt(str.length()-1);
String mant;

Time : 22/06/29 17:51
----------------------------------------
Wed Jun 29 17:52:07 UTC 2022 org.apache.commons.lang3.math.NumberUtils,473

----------------------------------------
----------------------------------------
Pass Single Test : [=>0,0]
String exp;
int decPos=str==null?null:str.indexOf('.');
int expPos=str.indexOf('e')+str.indexOf('E');

Time : 22/06/29 17:52
----------------------------------------

----------------------------------------
----------------------------------------
Similar code block : 2.9618742975437513 : [/data/MutationAnalysis/target_classes_comment_new/Lang/Lang_27_buggy/src/main/java/org/apache/commons/lang3/math/NumberUtils.java=>0,0]
int len=(str==null?0:str.length());
if(len>0){
int index=indexOf(str,0);
while(index>=0){
deleteImpl(index,index+len,len);
index=indexOf(str,index);
}
}
return this;

Time : 22/06/29 17:52
----------------------------------------

----------------------------------------
----------------------------------------
Original source code : [/data/MutationAnalysis/target_classes_comment_new/Lang/Lang_27_buggy/src/main/java/org/apache/commons/lang3/math/NumberUtils.java=>472,474]
String exp;
int decPos=str.indexOf('.');
int expPos=str.indexOf('e')+str.indexOf('E');

Time : 22/06/29 17:52
----------------------------------------

----------------------------------------
----------------------------------------
Find a patch : [/data/MutationAnalysis/target_classes_comment_new/Lang/Lang_27_buggy/src/main/java/org/apache/commons/lang3/math/NumberUtils.java=>472,474]
String exp;
int decPos=str==null?null:str.indexOf('.');
int expPos=str.indexOf('e')+str.indexOf('E');

Time : 22/06/29 17:52
----------------------------------------

----------------------------------------
----------------------------------------
Pass Single Test : [=>0,0]
String exp;
int decPos=str.lastIndexOf('.');
int expPos=str.indexOf('e')+str.indexOf('E');

Time : 22/06/29 17:52
----------------------------------------

----------------------------------------
----------------------------------------
Similar code block : 1.6168980475130819 : [/data/MutationAnalysis/target_classes_comment_new/Lang/Lang_27_buggy/src/main/java/org/apache/commons/lang3/math/NumberUtils.java=>0,0]
if(reverseAbbreviationMap.containsKey(className)){
className=reverseAbbreviationMap.get(className);
}
int lastDotIdx=className.lastIndexOf(PACKAGE_SEPARATOR_CHAR);
int innerIdx=className.indexOf(INNER_CLASS_SEPARATOR_CHAR,lastDotIdx==-1?0:lastDotIdx+1);
String out=className.substring(lastDotIdx+1);
if(innerIdx!=-1){
out=out.replace(INNER_CLASS_SEPARATOR_CHAR,PACKAGE_SEPARATOR_CHAR);
}

Time : 22/06/29 17:53
----------------------------------------

----------------------------------------
----------------------------------------
Original source code : [/data/MutationAnalysis/target_classes_comment_new/Lang/Lang_27_buggy/src/main/java/org/apache/commons/lang3/math/NumberUtils.java=>472,474]
String exp;
int decPos=str.indexOf('.');
int expPos=str.indexOf('e')+str.indexOf('E');

Time : 22/06/29 17:53
----------------------------------------

----------------------------------------
----------------------------------------
Find a patch : [/data/MutationAnalysis/target_classes_comment_new/Lang/Lang_27_buggy/src/main/java/org/apache/commons/lang3/math/NumberUtils.java=>472,474]
String exp;
int decPos=str.lastIndexOf('.');
int expPos=str.indexOf('e')+str.indexOf('E');

Time : 22/06/29 17:53
----------------------------------------

----------------------------------------
----------------------------------------
Pass Single Test : [=>0,0]
if(str==null){
str="";
}
String exp;
int decPos=str.indexOf('.');
int expPos=str.indexOf('e')+str.indexOf('E');

Time : 22/06/29 17:53
----------------------------------------

----------------------------------------
----------------------------------------
Similar code block : 1.3988913622373618 : [/data/MutationAnalysis/target_classes_comment_new/Lang/Lang_27_buggy/src/main/java/org/apache/commons/lang3/math/NumberUtils.java=>0,0]
ensureCapacity(size+width);
String str=(obj==null?getNullText():obj.toString());
if(str==null){
str="";
}

Time : 22/06/29 17:53
----------------------------------------

----------------------------------------
----------------------------------------
Original source code : [/data/MutationAnalysis/target_classes_comment_new/Lang/Lang_27_buggy/src/main/java/org/apache/commons/lang3/math/NumberUtils.java=>472,474]
String exp;
int decPos=str.indexOf('.');
int expPos=str.indexOf('e')+str.indexOf('E');

Time : 22/06/29 17:53
----------------------------------------

----------------------------------------
----------------------------------------
Find a patch : [/data/MutationAnalysis/target_classes_comment_new/Lang/Lang_27_buggy/src/main/java/org/apache/commons/lang3/math/NumberUtils.java=>472,474]
if(str==null){
str="";
}
String exp;
int decPos=str.indexOf('.');
int expPos=str.indexOf('e')+str.indexOf('E');

Time : 22/06/29 17:53
----------------------------------------

----------------------------------------
----------------------------------------
Pass Single Test : [=>0,0]
String exp;
if(str==null){
return null;
}
int decPos=str.indexOf('.');
int expPos=str.indexOf('e')+str.indexOf('E');

Time : 22/06/29 17:53
----------------------------------------

----------------------------------------
----------------------------------------
Similar code block : 1.3839294959021853 : [/data/MutationAnalysis/target_classes_comment_new/Lang/Lang_27_buggy/src/main/java/org/apache/commons/lang3/math/NumberUtils.java=>0,0]
if(str==null){
return null;
}
int len=str.length();
if(len==0){
return ArrayUtils.EMPTY_STRING_ARRAY;
}

Time : 22/06/29 17:53
----------------------------------------

----------------------------------------
----------------------------------------
Original source code : [/data/MutationAnalysis/target_classes_comment_new/Lang/Lang_27_buggy/src/main/java/org/apache/commons/lang3/math/NumberUtils.java=>472,474]
String exp;
int decPos=str.indexOf('.');
int expPos=str.indexOf('e')+str.indexOf('E');

Time : 22/06/29 17:53
----------------------------------------

----------------------------------------
----------------------------------------
Find a patch : [/data/MutationAnalysis/target_classes_comment_new/Lang/Lang_27_buggy/src/main/java/org/apache/commons/lang3/math/NumberUtils.java=>472,474]
String exp;
if(str==null){
return null;
}
int decPos=str.indexOf('.');
int expPos=str.indexOf('e')+str.indexOf('E');

Time : 22/06/29 17:53
----------------------------------------

----------------------------------------
----------------------------------------
Pass Single Test : [=>0,0]
String exp;
if(str==null){
str=str;
}
int decPos=str.indexOf('.');
int expPos=str.indexOf('e')+str.indexOf('E');

Time : 22/06/29 17:54
----------------------------------------

----------------------------------------
----------------------------------------
Similar code block : 1.373684416568603 : [/data/MutationAnalysis/target_classes_comment_new/Lang/Lang_27_buggy/src/main/java/org/apache/commons/lang3/math/NumberUtils.java=>0,0]
validateIndex(index);
if(str==null){
str=nullText;
}
int strLen=(str==null?0:str.length());

Time : 22/06/29 17:54
----------------------------------------

----------------------------------------
----------------------------------------
Original source code : [/data/MutationAnalysis/target_classes_comment_new/Lang/Lang_27_buggy/src/main/java/org/apache/commons/lang3/math/NumberUtils.java=>472,474]
String exp;
int decPos=str.indexOf('.');
int expPos=str.indexOf('e')+str.indexOf('E');

Time : 22/06/29 17:54
----------------------------------------

----------------------------------------
----------------------------------------
Find a patch : [/data/MutationAnalysis/target_classes_comment_new/Lang/Lang_27_buggy/src/main/java/org/apache/commons/lang3/math/NumberUtils.java=>472,474]
String exp;
if(str==null){
str=str;
}
int decPos=str.indexOf('.');
int expPos=str.indexOf('e')+str.indexOf('E');

Time : 22/06/29 17:54
----------------------------------------
Wed Jun 29 17:54:50 UTC 2022 org.apache.commons.lang3.math.NumberUtils,474
Wed Jun 29 17:54:50 UTC 2022 org.apache.commons.lang3.math.NumberUtils,476
Wed Jun 29 18:29:21 UTC 2022 org.apache.commons.lang3.math.NumberUtils,488
Wed Jun 29 18:29:22 UTC 2022 org.apache.commons.lang3.math.NumberUtils,491
Wed Jun 29 18:29:22 UTC 2022 org.apache.commons.lang3.math.NumberUtils,493

----------------------------------------
----------------------------------------
Pass Single Test : [=>0,0]
if(decPos>expPos){
mant=str.substring(0,expPos);
}else {
mant=str;
}
dec=null;

Time : 22/06/29 18:29
----------------------------------------

----------------------------------------
----------------------------------------
Similar code block : 2.1928148453231975 : [/data/MutationAnalysis/target_classes_comment_new/Lang/Lang_27_buggy/src/main/java/org/apache/commons/lang3/math/NumberUtils.java=>0,0]
if(start>end){
return EMPTY;
}
if(start<0){
start=0;
}
if(end<0){
end=0;
}
return str.substring(start,end);

Time : 22/06/29 18:29
----------------------------------------

----------------------------------------
----------------------------------------
Original source code : [/data/MutationAnalysis/target_classes_comment_new/Lang/Lang_27_buggy/src/main/java/org/apache/commons/lang3/math/NumberUtils.java=>488,493]
if(expPos>-1){
mant=str.substring(0,expPos);
}else {
mant=str;
}
dec=null;

Time : 22/06/29 18:29
----------------------------------------

----------------------------------------
----------------------------------------
Find a patch : [/data/MutationAnalysis/target_classes_comment_new/Lang/Lang_27_buggy/src/main/java/org/apache/commons/lang3/math/NumberUtils.java=>488,493]
if(decPos>expPos){
mant=str.substring(0,expPos);
}else {
mant=str;
}
dec=null;

Time : 22/06/29 18:29
----------------------------------------

----------------------------------------
----------------------------------------
Pass Single Test : [=>0,0]
if(decPos>-1){
mant=str.substring(0,expPos);
}else {
mant=str;
}
dec=null;

Time : 22/06/29 18:29
----------------------------------------

----------------------------------------
----------------------------------------
Similar code block : 2.1928148453231975 : [/data/MutationAnalysis/target_classes_comment_new/Lang/Lang_27_buggy/src/main/java/org/apache/commons/lang3/math/NumberUtils.java=>0,0]
if(start>end){
return EMPTY;
}
if(start<0){
start=0;
}
if(end<0){
end=0;
}
return str.substring(start,end);

Time : 22/06/29 18:29
----------------------------------------

----------------------------------------
----------------------------------------
Original source code : [/data/MutationAnalysis/target_classes_comment_new/Lang/Lang_27_buggy/src/main/java/org/apache/commons/lang3/math/NumberUtils.java=>488,493]
if(expPos>-1){
mant=str.substring(0,expPos);
}else {
mant=str;
}
dec=null;

Time : 22/06/29 18:29
----------------------------------------

----------------------------------------
----------------------------------------
Find a patch : [/data/MutationAnalysis/target_classes_comment_new/Lang/Lang_27_buggy/src/main/java/org/apache/commons/lang3/math/NumberUtils.java=>488,493]
if(decPos>-1){
mant=str.substring(0,expPos);
}else {
mant=str;
}
dec=null;

Time : 22/06/29 18:29
----------------------------------------

----------------------------------------
----------------------------------------
Pass Single Test : [=>0,0]
if(expPos>-1&&expPos<str.length()-1){
mant=str.substring(0,expPos);
}else {
mant=str;
}
dec=null;

Time : 22/06/29 18:30
----------------------------------------

----------------------------------------
----------------------------------------
Similar code block : 1.9811777152614187 : [/data/MutationAnalysis/target_classes_comment_new/Lang/Lang_27_buggy/src/main/java/org/apache/commons/lang3/math/NumberUtils.java=>0,0]
if(expPos>-1&&expPos<str.length()-1){
exp=str.substring(expPos+1,str.length());
}else {
exp=null;
}

Time : 22/06/29 18:30
----------------------------------------

----------------------------------------
----------------------------------------
Original source code : [/data/MutationAnalysis/target_classes_comment_new/Lang/Lang_27_buggy/src/main/java/org/apache/commons/lang3/math/NumberUtils.java=>488,493]
if(expPos>-1){
mant=str.substring(0,expPos);
}else {
mant=str;
}
dec=null;

Time : 22/06/29 18:30
----------------------------------------

----------------------------------------
----------------------------------------
Find a patch : [/data/MutationAnalysis/target_classes_comment_new/Lang/Lang_27_buggy/src/main/java/org/apache/commons/lang3/math/NumberUtils.java=>488,493]
if(expPos>-1&&expPos<str.length()-1){
mant=str.substring(0,expPos);
}else {
mant=str;
}
dec=null;

Time : 22/06/29 18:30
----------------------------------------

----------------------------------------
----------------------------------------
Pass Single Test : [=>0,0]
expPos=str.indexOf('/');
if(expPos>-1){
mant=str.substring(0,expPos);
}else {
mant=str;
}
dec=null;

Time : 22/06/29 18:30
----------------------------------------

----------------------------------------
----------------------------------------
Pass Single Test : [=>0,0]
expPos=str.indexOf(' ',decPos+decPos);
if(expPos>-1){
mant=str.substring(0,expPos);
}else {
mant=str;
}
dec=null;

Time : 22/06/29 18:31
----------------------------------------

----------------------------------------
----------------------------------------
Pass Single Test : [=>0,0]
if(str.length()>expPos){
mant=str.substring(0,expPos);
}else {
mant=str;
}
dec=null;

Time : 22/06/29 18:32
----------------------------------------
Wed Jun 29 18:33:41 UTC 2022 org.apache.commons.lang3.math.NumberUtils,495
Wed Jun 29 18:37:39 UTC 2022 org.apache.commons.lang3.math.NumberUtils,496
Wed Jun 29 18:37:39 UTC 2022 org.apache.commons.lang3.math.NumberUtils,499
Wed Jun 29 18:37:40 UTC 2022 org.apache.commons.lang3.math.NumberUtils,502
Wed Jun 29 18:44:26 UTC 2022 org.apache.commons.lang3.math.NumberUtils,503
Wed Jun 29 18:44:26 UTC 2022 Wed Jun 29 18:44:26 UTC 2022 : org.apache.commons.lang3.math.NumberUtils,504=>Find no block
Wed Jun 29 18:44:26 UTC 2022 org.apache.commons.lang3.math.NumberUtils,507
Wed Jun 29 18:44:26 UTC 2022 org.apache.commons.lang3.math.NumberUtils,511
Wed Jun 29 18:44:26 UTC 2022 org.apache.commons.lang3.math.NumberUtils,610
Wed Jun 29 18:45:10 UTC 2022 org.apache.commons.lang3.math.NumberUtils,613
Wed Jun 29 18:48:52 UTC 2022 org.apache.commons.lang3.math.NumberUtils,614
Wed Jun 29 18:48:52 UTC 2022 org.apache.commons.lang3.math.NumberUtils,615
Wed Jun 29 18:48:52 UTC 2022 org.apache.commons.lang3.math.NumberUtils,632
Wed Jun 29 18:48:53 UTC 2022 org.apache.commons.lang3.math.NumberUtils,635
Wed Jun 29 18:50:16 UTC 2022 org.apache.commons.lang3.math.NumberUtils,648
Wed Jun 29 18:50:16 UTC 2022 org.apache.commons.lang3.math.NumberUtils,651
Wed Jun 29 18:51:43 UTC 2022 org.apache.commons.lang3.math.NumberUtils,665
Wed Jun 29 18:51:43 UTC 2022 org.apache.commons.lang3.math.NumberUtils,669
Wed Jun 29 18:53:13 UTC 2022 org.apache.commons.lang3.math.NumberUtils,698
Wed Jun 29 18:53:13 UTC 2022 org.apache.commons.lang3.math.NumberUtils,701
Wed Jun 29 18:54:07 UTC 2022 org.apache.commons.lang3.math.NumberUtils,714
Wed Jun 29 18:54:07 UTC 2022 org.apache.commons.lang3.math.NumberUtils,718
Wed Jun 29 18:54:07 UTC 2022 org.apache.commons.lang3.math.NumberUtils,721
Wed Jun 29 18:55:27 UTC 2022 org.apache.commons.lang3.math.NumberUtils,682
Wed Jun 29 18:55:27 UTC 2022 org.apache.commons.lang3.math.NumberUtils,685
Wed Jun 29 18:56:51 UTC 2022 org.apache.commons.lang3.math.NumberUtils,1292
Wed Jun 29 18:57:21 UTC 2022 org.apache.commons.lang3.math.NumberUtils,1295
Wed Jun 29 18:58:24 UTC 2022 org.apache.commons.lang3.math.NumberUtils,1296
Wed Jun 29 18:58:24 UTC 2022 org.apache.commons.lang3.math.NumberUtils,1300
Wed Jun 29 18:59:44 UTC 2022 org.apache.commons.lang3.StringUtils,193
Wed Jun 29 18:59:45 UTC 2022 org.apache.commons.lang3.StringUtils,233

----------------------------------------
----------------------------------------
Pass Single Test : [=>0,0]
if(EMPTY==null||(strLen=EMPTY.length())==0){
return true;
}

Time : 22/06/29 18:59
----------------------------------------

----------------------------------------
----------------------------------------
Pass Single Test : [=>0,0]
if(cs==null||(strLen=EMPTY.length())==0){
return true;
}

Time : 22/06/29 19:00
----------------------------------------

----------------------------------------
----------------------------------------
Pass Single Test : [=>0,0]
if(cs!=null||(strLen=cs.length())==0){
return true;
}

Time : 22/06/29 19:00
----------------------------------------

----------------------------------------
----------------------------------------
Pass Single Test : [=>0,0]
if(EMPTY!=null||(strLen=cs.length())==0){
return true;
}

Time : 22/06/29 19:00
----------------------------------------

----------------------------------------
----------------------------------------
Pass Single Test : [=>0,0]
if(cs==null||(strLen=cs.length())==strLen){
return true;
}

Time : 22/06/29 19:01
----------------------------------------
Wed Jun 29 19:02:04 UTC 2022 org.apache.commons.lang3.StringUtils,236

----------------------------------------
----------------------------------------
Pass Single Test : [=>0,0]
if((Character.isLetterOrDigit(cs.charAt(i))==false)){
return false;
}

Time : 22/06/29 19:02
----------------------------------------

----------------------------------------
----------------------------------------
Pass Single Test : [=>0,0]
for(int i=0;i<INDEX_NOT_FOUND;i++){
if((Character.isWhitespace(cs.charAt(i))==false)){
return false;
}
}

Time : 22/06/29 19:02
----------------------------------------

----------------------------------------
----------------------------------------
Pass Single Test : [=>0,0]
for(int i=0;i<strLen;i++){
if((Character.isLetterOrDigit(cs.charAt(i))==false)){
return false;
}
}

Time : 22/06/29 19:02
----------------------------------------

----------------------------------------
----------------------------------------
Pass Single Test : [=>0,0]
for(int i=strLen;i<strLen;i++){
if((Character.isWhitespace(cs.charAt(i))==false)){
return false;
}
}

Time : 22/06/29 19:03
----------------------------------------
Wed Jun 29 19:04:55 UTC 2022 org.apache.commons.lang3.StringUtils,237
Wed Jun 29 19:04:55 UTC 2022 org.apache.commons.lang3.StringUtils,238
Wed Jun 29 19:04:55 UTC 2022 Wed Jun 29 19:04:55 UTC 2022 : org.apache.commons.lang3.math.NumberUtils,41=>Find no block
Wed Jun 29 19:04:55 UTC 2022 Wed Jun 29 19:04:55 UTC 2022 : org.apache.commons.lang3.math.NumberUtils,43=>Find no block
Success time : 22/06/29 19:04
