=================================================
Project : lang_33	start : 22/06/29 16:28
Current failed test : org.apache.commons.lang3.ClassUtilsTest::testToClass_object | 22/06/29 16:28
Wed Jun 29 16:28:05 UTC 2022 org.apache.commons.lang3.ClassUtils,903
Wed Jun 29 16:29:01 UTC 2022 org.apache.commons.lang3.ClassUtils,904
Wed Jun 29 16:29:02 UTC 2022 org.apache.commons.lang3.ClassUtils,905
Wed Jun 29 16:29:03 UTC 2022 org.apache.commons.lang3.ClassUtils,906
Wed Jun 29 16:29:03 UTC 2022 org.apache.commons.lang3.ClassUtils,908

----------------------------------------
----------------------------------------
Pass Single Test : [=>0,0]
for(int i=0;i<array.length;i++){
classes[i]=array[i]==null?null:array[i].getClass();
}

Time : 22/06/29 16:29
----------------------------------------

----------------------------------------
----------------------------------------
Similar code block : 1.5915452583170533 : [/data/MutationAnalysis/target_classes_comment_new/Lang/Lang_33_buggy/src/main/java/org/apache/commons/lang3/ClassUtils.java=>0,0]
for(int i=0;i<array.length;i++){
Character b=array[i];
result[i]=(b==null?valueForNull:b.charValue());
}

Time : 22/06/29 16:29
----------------------------------------

----------------------------------------
----------------------------------------
Original source code : [/data/MutationAnalysis/target_classes_comment_new/Lang/Lang_33_buggy/src/main/java/org/apache/commons/lang3/ClassUtils.java=>909,911]
for(int i=0;i<array.length;i++){
classes[i]=array[i].getClass();
}

Time : 22/06/29 16:29
----------------------------------------

----------------------------------------
----------------------------------------
Find a patch : [/data/MutationAnalysis/target_classes_comment_new/Lang/Lang_33_buggy/src/main/java/org/apache/commons/lang3/ClassUtils.java=>909,911]
for(int i=0;i<array.length;i++){
classes[i]=array[i]==null?null:array[i].getClass();
}

Time : 22/06/29 16:29
----------------------------------------

----------------------------------------
----------------------------------------
Pass Single Test : [=>0,0]
if(array==null){
return null;
}else if(array.length==0){
return ArrayUtils.EMPTY_CLASS_ARRAY;
}
Class<?>[] classes=new Class[array.length];
for(int i=0;i<array.length;i++){
classes[i]=array[i]==null?null:array[i].getClass();
}
return classes;

Time : 22/06/29 16:31
----------------------------------------

----------------------------------------
----------------------------------------
Similar code block : 1.5294211348336355 : [/data/MutationAnalysis/target_classes_comment_new/Lang/Lang_33_buggy/src/main/java/org/apache/commons/lang3/ClassUtils.java=>0,0]
if(array==null){
return null;
}else if(array.length==0){
return EMPTY_CHAR_ARRAY;
}
 final char[] result=new char[array.length];
for(int i=0;i<array.length;i++){
Character b=array[i];
result[i]=(b==null?valueForNull:b.charValue());
}
return result;

Time : 22/06/29 16:31
----------------------------------------

----------------------------------------
----------------------------------------
Original source code : [/data/MutationAnalysis/target_classes_comment_new/Lang/Lang_33_buggy/src/main/java/org/apache/commons/lang3/ClassUtils.java=>903,912]
if(array==null){
return null;
}else if(array.length==0){
return ArrayUtils.EMPTY_CLASS_ARRAY;
}
Class<?>[] classes=new Class[array.length];
for(int i=0;i<array.length;i++){
classes[i]=array[i].getClass();
}
return classes;

Time : 22/06/29 16:31
----------------------------------------

----------------------------------------
----------------------------------------
Find a patch : [/data/MutationAnalysis/target_classes_comment_new/Lang/Lang_33_buggy/src/main/java/org/apache/commons/lang3/ClassUtils.java=>903,912]
if(array==null){
return null;
}else if(array.length==0){
return ArrayUtils.EMPTY_CLASS_ARRAY;
}
Class<?>[] classes=new Class[array.length];
for(int i=0;i<array.length;i++){
classes[i]=array[i]==null?null:array[i].getClass();
}
return classes;

Time : 22/06/29 16:31
----------------------------------------
Wed Jun 29 16:32:45 UTC 2022 org.apache.commons.lang3.ClassUtils,909
Wed Jun 29 16:32:45 UTC 2022 org.apache.commons.lang3.ClassUtils,910
Wed Jun 29 16:32:45 UTC 2022 org.apache.commons.lang3.ClassUtils,912
Wed Jun 29 16:32:45 UTC 2022 Wed Jun 29 16:32:45 UTC 2022 : org.apache.commons.lang3.ArrayUtils,55=>Find no block
Wed Jun 29 16:32:45 UTC 2022 Wed Jun 29 16:32:45 UTC 2022 : org.apache.commons.lang3.ArrayUtils,59=>Find no block
Wed Jun 29 16:32:46 UTC 2022 Wed Jun 29 16:32:46 UTC 2022 : org.apache.commons.lang3.ArrayUtils,63=>Find no block
Wed Jun 29 16:32:46 UTC 2022 Wed Jun 29 16:32:46 UTC 2022 : org.apache.commons.lang3.ArrayUtils,67=>Find no block
Wed Jun 29 16:32:46 UTC 2022 Wed Jun 29 16:32:46 UTC 2022 : org.apache.commons.lang3.ArrayUtils,71=>Find no block
Wed Jun 29 16:32:46 UTC 2022 Wed Jun 29 16:32:46 UTC 2022 : org.apache.commons.lang3.ArrayUtils,75=>Find no block
Wed Jun 29 16:32:46 UTC 2022 Wed Jun 29 16:32:46 UTC 2022 : org.apache.commons.lang3.ArrayUtils,79=>Find no block
Wed Jun 29 16:32:46 UTC 2022 Wed Jun 29 16:32:46 UTC 2022 : org.apache.commons.lang3.ArrayUtils,83=>Find no block
Wed Jun 29 16:32:47 UTC 2022 Wed Jun 29 16:32:47 UTC 2022 : org.apache.commons.lang3.ArrayUtils,87=>Find no block
Wed Jun 29 16:32:47 UTC 2022 Wed Jun 29 16:32:47 UTC 2022 : org.apache.commons.lang3.ArrayUtils,91=>Find no block
Wed Jun 29 16:32:47 UTC 2022 Wed Jun 29 16:32:47 UTC 2022 : org.apache.commons.lang3.ArrayUtils,95=>Find no block
Wed Jun 29 16:32:47 UTC 2022 Wed Jun 29 16:32:47 UTC 2022 : org.apache.commons.lang3.ArrayUtils,99=>Find no block
Wed Jun 29 16:32:47 UTC 2022 Wed Jun 29 16:32:47 UTC 2022 : org.apache.commons.lang3.ArrayUtils,103=>Find no block
Wed Jun 29 16:32:47 UTC 2022 Wed Jun 29 16:32:47 UTC 2022 : org.apache.commons.lang3.ArrayUtils,107=>Find no block
Wed Jun 29 16:32:47 UTC 2022 Wed Jun 29 16:32:47 UTC 2022 : org.apache.commons.lang3.ArrayUtils,111=>Find no block
Wed Jun 29 16:32:48 UTC 2022 Wed Jun 29 16:32:48 UTC 2022 : org.apache.commons.lang3.ArrayUtils,115=>Find no block
Wed Jun 29 16:32:48 UTC 2022 Wed Jun 29 16:32:48 UTC 2022 : org.apache.commons.lang3.ArrayUtils,119=>Find no block
Wed Jun 29 16:32:48 UTC 2022 Wed Jun 29 16:32:48 UTC 2022 : org.apache.commons.lang3.ArrayUtils,123=>Find no block
Wed Jun 29 16:32:48 UTC 2022 Wed Jun 29 16:32:48 UTC 2022 : org.apache.commons.lang3.ArrayUtils,127=>Find no block
Wed Jun 29 16:32:48 UTC 2022 Wed Jun 29 16:32:48 UTC 2022 : org.apache.commons.lang3.ClassUtils,58=>Find no block
Wed Jun 29 16:32:48 UTC 2022 Wed Jun 29 16:32:48 UTC 2022 : org.apache.commons.lang3.ClassUtils,68=>Find no block
Wed Jun 29 16:32:48 UTC 2022 Wed Jun 29 16:32:48 UTC 2022 : org.apache.commons.lang3.ClassUtils,73=>Find no block
Wed Jun 29 16:32:48 UTC 2022 Wed Jun 29 16:32:48 UTC 2022 : org.apache.commons.lang3.ClassUtils,75=>Find no block
Wed Jun 29 16:32:48 UTC 2022 Wed Jun 29 16:32:48 UTC 2022 : org.apache.commons.lang3.ClassUtils,76=>Find no block
Wed Jun 29 16:32:48 UTC 2022 Wed Jun 29 16:32:48 UTC 2022 : org.apache.commons.lang3.ClassUtils,77=>Find no block
Wed Jun 29 16:32:49 UTC 2022 Wed Jun 29 16:32:49 UTC 2022 : org.apache.commons.lang3.ClassUtils,78=>Find no block
Wed Jun 29 16:32:49 UTC 2022 Wed Jun 29 16:32:49 UTC 2022 : org.apache.commons.lang3.ClassUtils,79=>Find no block
Wed Jun 29 16:32:49 UTC 2022 Wed Jun 29 16:32:49 UTC 2022 : org.apache.commons.lang3.ClassUtils,80=>Find no block
Wed Jun 29 16:32:49 UTC 2022 Wed Jun 29 16:32:49 UTC 2022 : org.apache.commons.lang3.ClassUtils,81=>Find no block
Wed Jun 29 16:32:49 UTC 2022 Wed Jun 29 16:32:49 UTC 2022 : org.apache.commons.lang3.ClassUtils,82=>Find no block
Wed Jun 29 16:32:49 UTC 2022 Wed Jun 29 16:32:49 UTC 2022 : org.apache.commons.lang3.ClassUtils,83=>Find no block
Wed Jun 29 16:32:50 UTC 2022 Wed Jun 29 16:32:50 UTC 2022 : org.apache.commons.lang3.ClassUtils,89=>Find no block
Wed Jun 29 16:32:50 UTC 2022 Wed Jun 29 16:32:50 UTC 2022 : org.apache.commons.lang3.ClassUtils,91=>Find no block
Wed Jun 29 16:32:50 UTC 2022 Wed Jun 29 16:32:50 UTC 2022 : org.apache.commons.lang3.ClassUtils,92=>Find no block
Wed Jun 29 16:32:50 UTC 2022 Wed Jun 29 16:32:50 UTC 2022 : org.apache.commons.lang3.ClassUtils,93=>Find no block
Wed Jun 29 16:32:51 UTC 2022 Wed Jun 29 16:32:51 UTC 2022 : org.apache.commons.lang3.ClassUtils,94=>Find no block
Wed Jun 29 16:32:51 UTC 2022 Wed Jun 29 16:32:51 UTC 2022 : org.apache.commons.lang3.ClassUtils,96=>Find no block
Wed Jun 29 16:32:51 UTC 2022 Wed Jun 29 16:32:51 UTC 2022 : org.apache.commons.lang3.ClassUtils,102=>Find no block
Wed Jun 29 16:32:51 UTC 2022 Wed Jun 29 16:32:51 UTC 2022 : org.apache.commons.lang3.ClassUtils,107=>Find no block
Wed Jun 29 16:32:51 UTC 2022 Wed Jun 29 16:32:51 UTC 2022 : org.apache.commons.lang3.ClassUtils,124=>Find no block
Wed Jun 29 16:32:51 UTC 2022 Wed Jun 29 16:32:51 UTC 2022 : org.apache.commons.lang3.ClassUtils,125=>Find no block
Wed Jun 29 16:32:52 UTC 2022 Wed Jun 29 16:32:52 UTC 2022 : org.apache.commons.lang3.ClassUtils,126=>Find no block
Wed Jun 29 16:32:52 UTC 2022 Wed Jun 29 16:32:52 UTC 2022 : org.apache.commons.lang3.ClassUtils,127=>Find no block
Wed Jun 29 16:32:52 UTC 2022 Wed Jun 29 16:32:52 UTC 2022 : org.apache.commons.lang3.ClassUtils,128=>Find no block
Wed Jun 29 16:32:52 UTC 2022 Wed Jun 29 16:32:52 UTC 2022 : org.apache.commons.lang3.ClassUtils,129=>Find no block
Wed Jun 29 16:32:53 UTC 2022 Wed Jun 29 16:32:53 UTC 2022 : org.apache.commons.lang3.ClassUtils,130=>Find no block
Wed Jun 29 16:32:53 UTC 2022 Wed Jun 29 16:32:53 UTC 2022 : org.apache.commons.lang3.ClassUtils,131=>Find no block
Wed Jun 29 16:32:53 UTC 2022 Wed Jun 29 16:32:53 UTC 2022 : org.apache.commons.lang3.ClassUtils,132=>Find no block
Wed Jun 29 16:32:53 UTC 2022 org.apache.commons.lang3.ClassUtils,116
Wed Jun 29 16:33:11 UTC 2022 org.apache.commons.lang3.ClassUtils,117
Wed Jun 29 16:33:11 UTC 2022 Wed Jun 29 16:33:11 UTC 2022 : org.apache.commons.lang3.ClassUtils,118=>Find no block
Wed Jun 29 16:33:12 UTC 2022 org.apache.commons.lang3.ClassUtils,143
Wed Jun 29 16:33:13 UTC 2022 Wed Jun 29 16:33:13 UTC 2022 : org.apache.commons.lang3.ClassUtils,144=>Find no block
Wed Jun 29 16:33:13 UTC 2022 org.apache.commons.lang3.ClassUtils,156
Wed Jun 29 16:33:27 UTC 2022 org.apache.commons.lang3.ClassUtils,157
Wed Jun 29 16:33:28 UTC 2022 org.apache.commons.lang3.ClassUtils,159
Wed Jun 29 16:34:07 UTC 2022 org.apache.commons.lang3.ClassUtils,169
Wed Jun 29 16:34:10 UTC 2022 org.apache.commons.lang3.ClassUtils,170
Wed Jun 29 16:34:10 UTC 2022 org.apache.commons.lang3.ClassUtils,172
Wed Jun 29 16:34:30 UTC 2022 org.apache.commons.lang3.ClassUtils,184
Wed Jun 29 16:34:43 UTC 2022 org.apache.commons.lang3.ClassUtils,185
Wed Jun 29 16:34:43 UTC 2022 org.apache.commons.lang3.ClassUtils,187
Wed Jun 29 16:35:37 UTC 2022 org.apache.commons.lang3.ClassUtils,188
Wed Jun 29 16:35:38 UTC 2022 org.apache.commons.lang3.ClassUtils,191
Wed Jun 29 16:44:09 UTC 2022 org.apache.commons.lang3.ClassUtils,194
Wed Jun 29 16:44:10 UTC 2022 org.apache.commons.lang3.ClassUtils,195
Wed Jun 29 16:44:10 UTC 2022 org.apache.commons.lang3.ClassUtils,196
Wed Jun 29 16:44:10 UTC 2022 org.apache.commons.lang3.ClassUtils,197
Wed Jun 29 16:44:10 UTC 2022 org.apache.commons.lang3.ClassUtils,200
Wed Jun 29 16:44:10 UTC 2022 org.apache.commons.lang3.ClassUtils,201
Wed Jun 29 16:44:10 UTC 2022 org.apache.commons.lang3.ClassUtils,205
Wed Jun 29 16:44:29 UTC 2022 org.apache.commons.lang3.ClassUtils,206
Wed Jun 29 16:44:29 UTC 2022 org.apache.commons.lang3.ClassUtils,209
Wed Jun 29 16:46:41 UTC 2022 org.apache.commons.lang3.ClassUtils,210
Wed Jun 29 16:48:25 UTC 2022 org.apache.commons.lang3.ClassUtils,212
Wed Jun 29 16:51:38 UTC 2022 org.apache.commons.lang3.ClassUtils,213
Wed Jun 29 16:51:39 UTC 2022 org.apache.commons.lang3.ClassUtils,214
Wed Jun 29 16:51:39 UTC 2022 org.apache.commons.lang3.ClassUtils,216
Wed Jun 29 16:51:39 UTC 2022 org.apache.commons.lang3.ClassUtils,229
Wed Jun 29 16:51:39 UTC 2022 org.apache.commons.lang3.ClassUtils,230
Wed Jun 29 16:51:39 UTC 2022 org.apache.commons.lang3.ClassUtils,232
Wed Jun 29 16:52:19 UTC 2022 org.apache.commons.lang3.ClassUtils,242
Wed Jun 29 16:52:20 UTC 2022 org.apache.commons.lang3.ClassUtils,243
Wed Jun 29 16:52:20 UTC 2022 org.apache.commons.lang3.ClassUtils,245
Wed Jun 29 16:52:41 UTC 2022 org.apache.commons.lang3.ClassUtils,258
Wed Jun 29 16:54:35 UTC 2022 org.apache.commons.lang3.ClassUtils,259
Wed Jun 29 16:54:35 UTC 2022 org.apache.commons.lang3.ClassUtils,263
Wed Jun 29 16:54:55 UTC 2022 org.apache.commons.lang3.ClassUtils,264
Wed Jun 29 16:54:55 UTC 2022 org.apache.commons.lang3.ClassUtils,267
Wed Jun 29 16:56:59 UTC 2022 org.apache.commons.lang3.ClassUtils,268
Wed Jun 29 16:56:59 UTC 2022 org.apache.commons.lang3.ClassUtils,271
Wed Jun 29 17:04:16 UTC 2022 org.apache.commons.lang3.ClassUtils,272
Wed Jun 29 17:04:16 UTC 2022 org.apache.commons.lang3.ClassUtils,273
Wed Jun 29 17:04:16 UTC 2022 org.apache.commons.lang3.ClassUtils,275
Wed Jun 29 17:06:13 UTC 2022 org.apache.commons.lang3.ClassUtils,288
Wed Jun 29 17:06:16 UTC 2022 org.apache.commons.lang3.ClassUtils,289
Wed Jun 29 17:06:16 UTC 2022 org.apache.commons.lang3.ClassUtils,291
Wed Jun 29 17:07:23 UTC 2022 org.apache.commons.lang3.ClassUtils,292
Wed Jun 29 17:07:23 UTC 2022 org.apache.commons.lang3.ClassUtils,293
Wed Jun 29 17:07:23 UTC 2022 org.apache.commons.lang3.ClassUtils,294
Wed Jun 29 17:07:24 UTC 2022 org.apache.commons.lang3.ClassUtils,295
Wed Jun 29 17:07:24 UTC 2022 org.apache.commons.lang3.ClassUtils,297
Wed Jun 29 17:07:24 UTC 2022 org.apache.commons.lang3.ClassUtils,314
Wed Jun 29 17:07:24 UTC 2022 org.apache.commons.lang3.ClassUtils,315
Wed Jun 29 17:07:24 UTC 2022 org.apache.commons.lang3.ClassUtils,318
Wed Jun 29 17:07:29 UTC 2022 org.apache.commons.lang3.ClassUtils,319
Wed Jun 29 17:07:29 UTC 2022 org.apache.commons.lang3.ClassUtils,321
Wed Jun 29 17:07:30 UTC 2022 org.apache.commons.lang3.ClassUtils,331
Wed Jun 29 17:07:56 UTC 2022 org.apache.commons.lang3.ClassUtils,332
Wed Jun 29 17:07:56 UTC 2022 org.apache.commons.lang3.ClassUtils,334
Wed Jun 29 17:07:56 UTC 2022 org.apache.commons.lang3.ClassUtils,335
Wed Jun 29 17:07:56 UTC 2022 org.apache.commons.lang3.ClassUtils,336
Wed Jun 29 17:07:56 UTC 2022 org.apache.commons.lang3.ClassUtils,340
Wed Jun 29 17:07:57 UTC 2022 Wed Jun 29 17:07:57 UTC 2022 : org.apache.commons.lang3.ClassUtils,341=>Find no block
Wed Jun 29 17:07:57 UTC 2022 Wed Jun 29 17:07:57 UTC 2022 : org.apache.commons.lang3.ClassUtils,342=>Find no block
Wed Jun 29 17:07:57 UTC 2022 org.apache.commons.lang3.ClassUtils,359
Wed Jun 29 17:07:57 UTC 2022 org.apache.commons.lang3.ClassUtils,360
Wed Jun 29 17:07:58 UTC 2022 org.apache.commons.lang3.ClassUtils,362
Wed Jun 29 17:08:29 UTC 2022 org.apache.commons.lang3.ClassUtils,363
Wed Jun 29 17:08:29 UTC 2022 org.apache.commons.lang3.ClassUtils,365
Wed Jun 29 17:08:29 UTC 2022 Wed Jun 29 17:08:29 UTC 2022 : org.apache.commons.lang3.ClassUtils,368=>Find no block
Wed Jun 29 17:08:29 UTC 2022 Wed Jun 29 17:08:29 UTC 2022 : org.apache.commons.lang3.ClassUtils,366=>Find no block
Wed Jun 29 17:08:29 UTC 2022 org.apache.commons.lang3.ClassUtils,367
Wed Jun 29 17:08:30 UTC 2022 Wed Jun 29 17:08:30 UTC 2022 : org.apache.commons.lang3.ClassUtils,369=>Find no block
Wed Jun 29 17:08:30 UTC 2022 org.apache.commons.lang3.ClassUtils,370
Wed Jun 29 17:08:30 UTC 2022 org.apache.commons.lang3.ClassUtils,386
Wed Jun 29 17:08:30 UTC 2022 org.apache.commons.lang3.ClassUtils,387
Wed Jun 29 17:08:31 UTC 2022 org.apache.commons.lang3.ClassUtils,389
Wed Jun 29 17:09:09 UTC 2022 org.apache.commons.lang3.ClassUtils,390
Wed Jun 29 17:09:09 UTC 2022 org.apache.commons.lang3.ClassUtils,391
Wed Jun 29 17:09:09 UTC 2022 org.apache.commons.lang3.ClassUtils,392
Wed Jun 29 17:09:10 UTC 2022 org.apache.commons.lang3.ClassUtils,394
Wed Jun 29 17:09:10 UTC 2022 Wed Jun 29 17:09:10 UTC 2022 : org.apache.commons.lang3.ClassUtils,396=>Find no block
Wed Jun 29 17:09:10 UTC 2022 org.apache.commons.lang3.ClassUtils,397
Wed Jun 29 17:09:10 UTC 2022 org.apache.commons.lang3.ClassUtils,439
Wed Jun 29 17:09:11 UTC 2022 org.apache.commons.lang3.ClassUtils,475
Wed Jun 29 17:09:14 UTC 2022 org.apache.commons.lang3.ClassUtils,476
Wed Jun 29 17:09:14 UTC 2022 org.apache.commons.lang3.ClassUtils,478
Wed Jun 29 17:09:16 UTC 2022 org.apache.commons.lang3.ClassUtils,479
Wed Jun 29 17:09:17 UTC 2022 org.apache.commons.lang3.ClassUtils,481
Wed Jun 29 17:09:19 UTC 2022 org.apache.commons.lang3.ClassUtils,482
Wed Jun 29 17:09:19 UTC 2022 org.apache.commons.lang3.ClassUtils,484
Wed Jun 29 17:12:20 UTC 2022 org.apache.commons.lang3.ClassUtils,485
Wed Jun 29 17:12:20 UTC 2022 org.apache.commons.lang3.ClassUtils,486
Wed Jun 29 17:12:20 UTC 2022 org.apache.commons.lang3.ClassUtils,489
Wed Jun 29 17:14:24 UTC 2022 org.apache.commons.lang3.ClassUtils,524
Wed Jun 29 17:14:25 UTC 2022 org.apache.commons.lang3.ClassUtils,555
Wed Jun 29 17:14:45 UTC 2022 org.apache.commons.lang3.ClassUtils,556
Wed Jun 29 17:14:45 UTC 2022 org.apache.commons.lang3.ClassUtils,559
Wed Jun 29 17:14:57 UTC 2022 org.apache.commons.lang3.ClassUtils,560
Wed Jun 29 17:14:57 UTC 2022 org.apache.commons.lang3.ClassUtils,563
Wed Jun 29 17:15:37 UTC 2022 org.apache.commons.lang3.ClassUtils,564
Wed Jun 29 17:15:37 UTC 2022 org.apache.commons.lang3.ClassUtils,565
Wed Jun 29 17:15:37 UTC 2022 org.apache.commons.lang3.ClassUtils,566
Wed Jun 29 17:15:37 UTC 2022 org.apache.commons.lang3.ClassUtils,567
Wed Jun 29 17:15:37 UTC 2022 org.apache.commons.lang3.ClassUtils,570
Wed Jun 29 17:15:37 UTC 2022 org.apache.commons.lang3.ClassUtils,571
Wed Jun 29 17:15:37 UTC 2022 org.apache.commons.lang3.ClassUtils,572
Wed Jun 29 17:15:38 UTC 2022 org.apache.commons.lang3.ClassUtils,573
Wed Jun 29 17:15:38 UTC 2022 org.apache.commons.lang3.ClassUtils,577
Wed Jun 29 17:16:38 UTC 2022 org.apache.commons.lang3.ClassUtils,578
Wed Jun 29 17:16:38 UTC 2022 org.apache.commons.lang3.ClassUtils,580
Wed Jun 29 17:30:17 UTC 2022 org.apache.commons.lang3.ClassUtils,581
Wed Jun 29 17:30:17 UTC 2022 org.apache.commons.lang3.ClassUtils,582
Wed Jun 29 17:30:17 UTC 2022 org.apache.commons.lang3.ClassUtils,584
Wed Jun 29 17:30:17 UTC 2022 org.apache.commons.lang3.ClassUtils,585
Wed Jun 29 17:30:18 UTC 2022 org.apache.commons.lang3.ClassUtils,589
Wed Jun 29 17:30:18 UTC 2022 org.apache.commons.lang3.ClassUtils,590
Wed Jun 29 17:30:18 UTC 2022 org.apache.commons.lang3.ClassUtils,593
Wed Jun 29 17:30:18 UTC 2022 org.apache.commons.lang3.ClassUtils,594
Wed Jun 29 17:30:18 UTC 2022 org.apache.commons.lang3.ClassUtils,596
Wed Jun 29 17:30:18 UTC 2022 org.apache.commons.lang3.ClassUtils,597
Wed Jun 29 17:30:18 UTC 2022 org.apache.commons.lang3.ClassUtils,599
Wed Jun 29 17:30:18 UTC 2022 org.apache.commons.lang3.ClassUtils,600
Wed Jun 29 17:30:18 UTC 2022 org.apache.commons.lang3.ClassUtils,602
Wed Jun 29 17:30:19 UTC 2022 org.apache.commons.lang3.ClassUtils,603
Wed Jun 29 17:30:19 UTC 2022 org.apache.commons.lang3.ClassUtils,608
Wed Jun 29 17:30:19 UTC 2022 org.apache.commons.lang3.ClassUtils,609
Wed Jun 29 17:30:19 UTC 2022 org.apache.commons.lang3.ClassUtils,614
Wed Jun 29 17:30:19 UTC 2022 org.apache.commons.lang3.ClassUtils,615
Wed Jun 29 17:30:19 UTC 2022 org.apache.commons.lang3.ClassUtils,622
Wed Jun 29 17:32:35 UTC 2022 org.apache.commons.lang3.ClassUtils,624
Wed Jun 29 17:33:48 UTC 2022 org.apache.commons.lang3.ClassUtils,640
Wed Jun 29 17:34:14 UTC 2022 org.apache.commons.lang3.ClassUtils,641
Wed Jun 29 17:34:23 UTC 2022 org.apache.commons.lang3.ClassUtils,642
Wed Jun 29 17:34:23 UTC 2022 org.apache.commons.lang3.ClassUtils,644
Wed Jun 29 17:34:23 UTC 2022 org.apache.commons.lang3.ClassUtils,658
Wed Jun 29 17:34:24 UTC 2022 org.apache.commons.lang3.ClassUtils,659
Wed Jun 29 17:34:24 UTC 2022 org.apache.commons.lang3.ClassUtils,662
Wed Jun 29 17:34:57 UTC 2022 org.apache.commons.lang3.ClassUtils,663
Wed Jun 29 17:34:57 UTC 2022 org.apache.commons.lang3.ClassUtils,666
Wed Jun 29 17:37:56 UTC 2022 org.apache.commons.lang3.ClassUtils,667
Success time : 22/06/29 17:37
