=================================================
Project : lang_50	start : 22/07/16 08:15
Current failed test : org.apache.commons.lang.time.FastDateFormatTest::test_changeDefault_Locale_DateInstance | 22/07/16 08:15
Sat Jul 16 08:15:56 UTC 2022 org.apache.commons.lang.time.FastDateFormat,620
Sat Jul 16 08:19:56 UTC 2022 Sat Jul 16 08:19:56 UTC 2022 : org.apache.commons.lang.time.FastDateFormat,1708=>Find no block
Sat Jul 16 08:19:56 UTC 2022 org.apache.commons.lang.time.FastDateFormat,1709
Sat Jul 16 08:19:57 UTC 2022 org.apache.commons.lang.time.FastDateFormat,1710
Sat Jul 16 08:19:58 UTC 2022 Sat Jul 16 08:19:58 UTC 2022 : org.apache.commons.lang.time.FastDateFormat,1711=>Find no block
Sat Jul 16 08:19:58 UTC 2022 org.apache.commons.lang.time.FastDateFormat,1738
Sat Jul 16 08:20:00 UTC 2022 org.apache.commons.lang.time.FastDateFormat,234
Sat Jul 16 08:20:29 UTC 2022 org.apache.commons.lang.time.FastDateFormat,293
Sat Jul 16 08:20:52 UTC 2022 org.apache.commons.lang.time.FastDateFormat,408
Sat Jul 16 08:21:03 UTC 2022 org.apache.commons.lang.time.FastDateFormat,425
Sat Jul 16 08:21:44 UTC 2022 org.apache.commons.lang.time.FastDateFormat,461
Sat Jul 16 08:22:04 UTC 2022 org.apache.commons.lang.time.FastDateFormat,462
Sat Jul 16 08:22:24 UTC 2022 org.apache.commons.lang.time.FastDateFormat,465
Sat Jul 16 08:22:43 UTC 2022 org.apache.commons.lang.time.FastDateFormat,466
Sat Jul 16 08:22:48 UTC 2022 org.apache.commons.lang.time.FastDateFormat,469
Sat Jul 16 08:23:22 UTC 2022 org.apache.commons.lang.time.FastDateFormat,470
Sat Jul 16 08:23:55 UTC 2022 org.apache.commons.lang.time.FastDateFormat,471
Sat Jul 16 08:23:55 UTC 2022 org.apache.commons.lang.time.FastDateFormat,472
Sat Jul 16 08:23:55 UTC 2022 org.apache.commons.lang.time.FastDateFormat,475
Sat Jul 16 08:25:54 UTC 2022 org.apache.commons.lang.time.FastDateFormat,477
Sat Jul 16 08:25:55 UTC 2022 org.apache.commons.lang.time.FastDateFormat,478
Sat Jul 16 08:29:54 UTC 2022 org.apache.commons.lang.time.FastDateFormat,479
Sat Jul 16 08:29:55 UTC 2022 Sat Jul 16 08:29:55 UTC 2022 : org.apache.commons.lang.time.FastDateFormat,483=>Find no block
Sat Jul 16 08:29:55 UTC 2022 org.apache.commons.lang.time.FastDateFormat,485
Sat Jul 16 08:30:04 UTC 2022 org.apache.commons.lang.time.FastDateFormat,672
Sat Jul 16 08:30:46 UTC 2022 org.apache.commons.lang.time.FastDateFormat,675
Sat Jul 16 08:30:46 UTC 2022 org.apache.commons.lang.time.FastDateFormat,677
Sat Jul 16 08:33:31 UTC 2022 org.apache.commons.lang.time.FastDateFormat,1717
Sat Jul 16 08:34:34 UTC 2022 org.apache.commons.lang.time.FastDateFormat,1721
Sat Jul 16 08:34:35 UTC 2022 org.apache.commons.lang.time.FastDateFormat,1725
Sat Jul 16 08:36:30 UTC 2022 org.apache.commons.lang.time.FastDateFormat,1727
Sat Jul 16 08:36:31 UTC 2022 Sat Jul 16 08:36:31 UTC 2022 : org.apache.commons.lang.time.FastDateFormat,1538=>Find no block
Sat Jul 16 08:36:31 UTC 2022 org.apache.commons.lang.time.FastDateFormat,1539
Sat Jul 16 08:36:43 UTC 2022 org.apache.commons.lang.time.FastDateFormat,1540
Sat Jul 16 08:36:44 UTC 2022 org.apache.commons.lang.time.FastDateFormat,1541
Sat Jul 16 08:37:18 UTC 2022 org.apache.commons.lang.time.FastDateFormat,1542
Sat Jul 16 08:38:16 UTC 2022 org.apache.commons.lang.time.FastDateFormat,1544
Sat Jul 16 08:38:30 UTC 2022 org.apache.commons.lang.time.FastDateFormat,1548
Sat Jul 16 08:38:31 UTC 2022 org.apache.commons.lang.time.FastDateFormat,1549
Sat Jul 16 08:38:31 UTC 2022 Sat Jul 16 08:38:31 UTC 2022 : org.apache.commons.lang.time.FastDateFormat,1551=>Find no block
Sat Jul 16 08:38:31 UTC 2022 org.apache.commons.lang.time.FastDateFormat,1557
Sat Jul 16 08:41:16 UTC 2022 org.apache.commons.lang.time.FastDateFormat,1559
Sat Jul 16 08:41:18 UTC 2022 org.apache.commons.lang.time.FastDateFormat,1560
Sat Jul 16 08:41:19 UTC 2022 org.apache.commons.lang.time.FastDateFormat,772
Sat Jul 16 08:41:32 UTC 2022 org.apache.commons.lang.time.FastDateFormat,954
Sat Jul 16 08:41:33 UTC 2022 Sat Jul 16 08:41:33 UTC 2022 : org.apache.commons.lang.time.FastDateFormat,1185=>Find no block
Sat Jul 16 08:41:33 UTC 2022 org.apache.commons.lang.time.FastDateFormat,1186
Sat Jul 16 08:41:45 UTC 2022 Sat Jul 16 08:41:45 UTC 2022 : org.apache.commons.lang.time.FastDateFormat,1187=>Find no block
Sat Jul 16 08:41:45 UTC 2022 Sat Jul 16 08:41:45 UTC 2022 : org.apache.commons.lang.time.FastDateFormat,1176=>Find no block
Sat Jul 16 08:41:46 UTC 2022 org.apache.commons.lang.time.FastDateFormat,1193
Sat Jul 16 08:41:47 UTC 2022 Sat Jul 16 08:41:47 UTC 2022 : org.apache.commons.lang.time.FastDateFormat,1447=>Find no block
Sat Jul 16 08:41:47 UTC 2022 org.apache.commons.lang.time.FastDateFormat,1448
Sat Jul 16 08:41:48 UTC 2022 Sat Jul 16 08:41:48 UTC 2022 : org.apache.commons.lang.time.FastDateFormat,1449=>Find no block
Sat Jul 16 08:41:48 UTC 2022 org.apache.commons.lang.time.FastDateFormat,1455
Sat Jul 16 08:41:56 UTC 2022 org.apache.commons.lang.time.FastDateFormat,249
Sat Jul 16 08:42:43 UTC 2022 org.apache.commons.lang.time.FastDateFormat,280
Sat Jul 16 08:43:05 UTC 2022 org.apache.commons.lang.time.FastDateFormat,281
Sat Jul 16 08:43:05 UTC 2022 org.apache.commons.lang.time.FastDateFormat,285
Sat Jul 16 08:43:05 UTC 2022 org.apache.commons.lang.time.FastDateFormat,286
Sat Jul 16 08:43:06 UTC 2022 org.apache.commons.lang.time.FastDateFormat,290
Sat Jul 16 08:43:46 UTC 2022 org.apache.commons.lang.time.FastDateFormat,291
Sat Jul 16 08:44:24 UTC 2022 org.apache.commons.lang.time.FastDateFormat,292
Sat Jul 16 08:44:24 UTC 2022 org.apache.commons.lang.time.FastDateFormat,296

----------------------------------------
----------------------------------------
Pass Single Test : [=>0,0]
if(locale!=null){
key=new Pair(key,locale);
}
SimpleDateFormat formatter=(SimpleDateFormat)DateFormat.getDateInstance(style,locale);
String pattern=formatter.toPattern();
format=getInstance(pattern,timeZone,locale);

Time : 22/07/16 08:45
----------------------------------------

----------------------------------------
----------------------------------------
Similar code block : 1.3548004166402725 : [/data/MutationAnalysis/target_classes_comment_new/Lang/Lang_50_buggy/src/java/org/apache/commons/lang/time/FastDateFormat.java=>0,0]
if(timeZone!=null){
key=new Pair(key,timeZone);
}
if(locale!=null){
key=new Pair(key,locale);
}
FastDateFormat format=(FastDateFormat)cDateInstanceCache.get(key);

Time : 22/07/16 08:45
----------------------------------------

----------------------------------------
----------------------------------------
Original source code : [/data/MutationAnalysis/target_classes_comment_new/Lang/Lang_50_buggy/src/java/org/apache/commons/lang/time/FastDateFormat.java=>296,298]
SimpleDateFormat formatter=(SimpleDateFormat)DateFormat.getDateInstance(style,locale);
String pattern=formatter.toPattern();
format=getInstance(pattern,timeZone,locale);

Time : 22/07/16 08:45
----------------------------------------

----------------------------------------
----------------------------------------
Find a patch : [/data/MutationAnalysis/target_classes_comment_new/Lang/Lang_50_buggy/src/java/org/apache/commons/lang/time/FastDateFormat.java=>296,298]
if(locale!=null){
key=new Pair(key,locale);
}
SimpleDateFormat formatter=(SimpleDateFormat)DateFormat.getDateInstance(style,locale);
String pattern=formatter.toPattern();
format=getInstance(pattern,timeZone,locale);

Time : 22/07/16 08:45
----------------------------------------

----------------------------------------
----------------------------------------
Pass Single Test : [=>0,0]
if(timeZone!=null){
key=new Pair(key,timeZone);
}
if(locale!=null){
key=new Pair(key,locale);
}
SimpleDateFormat formatter=(SimpleDateFormat)DateFormat.getDateInstance(style,locale);
String pattern=formatter.toPattern();
format=getInstance(pattern,timeZone,locale);

Time : 22/07/16 08:45
----------------------------------------

----------------------------------------
----------------------------------------
Similar code block : 1.3548004166402725 : [/data/MutationAnalysis/target_classes_comment_new/Lang/Lang_50_buggy/src/java/org/apache/commons/lang/time/FastDateFormat.java=>0,0]
if(timeZone!=null){
key=new Pair(key,timeZone);
}
if(locale!=null){
key=new Pair(key,locale);
}
FastDateFormat format=(FastDateFormat)cTimeInstanceCache.get(key);

Time : 22/07/16 08:46
----------------------------------------

----------------------------------------
----------------------------------------
Original source code : [/data/MutationAnalysis/target_classes_comment_new/Lang/Lang_50_buggy/src/java/org/apache/commons/lang/time/FastDateFormat.java=>296,298]
SimpleDateFormat formatter=(SimpleDateFormat)DateFormat.getDateInstance(style,locale);
String pattern=formatter.toPattern();
format=getInstance(pattern,timeZone,locale);

Time : 22/07/16 08:46
----------------------------------------

----------------------------------------
----------------------------------------
Find a patch : [/data/MutationAnalysis/target_classes_comment_new/Lang/Lang_50_buggy/src/java/org/apache/commons/lang/time/FastDateFormat.java=>296,298]
if(timeZone!=null){
key=new Pair(key,timeZone);
}
if(locale!=null){
key=new Pair(key,locale);
}
SimpleDateFormat formatter=(SimpleDateFormat)DateFormat.getDateInstance(style,locale);
String pattern=formatter.toPattern();
format=getInstance(pattern,timeZone,locale);

Time : 22/07/16 08:46
----------------------------------------
Sat Jul 16 08:47:01 UTC 2022 org.apache.commons.lang.time.FastDateFormat,297
Sat Jul 16 08:47:02 UTC 2022 org.apache.commons.lang.time.FastDateFormat,298

----------------------------------------
----------------------------------------
Pass Single Test : [=>0,0]
String pattern=formatter.toPattern();
format=getInstance(pattern,timeZone,locale);
cTimeInstanceCache.put(key,format);

Time : 22/07/16 08:47
----------------------------------------

----------------------------------------
----------------------------------------
Similar code block : 2.6182792747159676 : [/data/MutationAnalysis/target_classes_comment_new/Lang/Lang_50_buggy/src/java/org/apache/commons/lang/time/FastDateFormat.java=>0,0]
SimpleDateFormat formatter=(SimpleDateFormat)DateFormat.getTimeInstance(style,locale);
String pattern=formatter.toPattern();
format=getInstance(pattern,timeZone,locale);
cTimeInstanceCache.put(key,format);

Time : 22/07/16 08:47
----------------------------------------

----------------------------------------
----------------------------------------
Original source code : [/data/MutationAnalysis/target_classes_comment_new/Lang/Lang_50_buggy/src/java/org/apache/commons/lang/time/FastDateFormat.java=>297,299]
String pattern=formatter.toPattern();
format=getInstance(pattern,timeZone,locale);
cDateInstanceCache.put(key,format);

Time : 22/07/16 08:47
----------------------------------------

----------------------------------------
----------------------------------------
Find a patch : [/data/MutationAnalysis/target_classes_comment_new/Lang/Lang_50_buggy/src/java/org/apache/commons/lang/time/FastDateFormat.java=>297,299]
String pattern=formatter.toPattern();
format=getInstance(pattern,timeZone,locale);
cTimeInstanceCache.put(key,format);

Time : 22/07/16 08:47
----------------------------------------

----------------------------------------
----------------------------------------
Pass Single Test : [=>0,0]
String pattern=formatter.toPattern();
format=getInstance(pattern,timeZone,locale);
cDateTimeInstanceCache.put(key,format);

Time : 22/07/16 08:47
----------------------------------------

----------------------------------------
----------------------------------------
Similar code block : 2.58281496379489 : [/data/MutationAnalysis/target_classes_comment_new/Lang/Lang_50_buggy/src/java/org/apache/commons/lang/time/FastDateFormat.java=>0,0]
SimpleDateFormat formatter=(SimpleDateFormat)DateFormat.getDateTimeInstance(dateStyle,timeStyle,locale);
String pattern=formatter.toPattern();
format=getInstance(pattern,timeZone,locale);
cDateTimeInstanceCache.put(key,format);

Time : 22/07/16 08:48
----------------------------------------

----------------------------------------
----------------------------------------
Original source code : [/data/MutationAnalysis/target_classes_comment_new/Lang/Lang_50_buggy/src/java/org/apache/commons/lang/time/FastDateFormat.java=>297,299]
String pattern=formatter.toPattern();
format=getInstance(pattern,timeZone,locale);
cDateInstanceCache.put(key,format);

Time : 22/07/16 08:48
----------------------------------------

----------------------------------------
----------------------------------------
Find a patch : [/data/MutationAnalysis/target_classes_comment_new/Lang/Lang_50_buggy/src/java/org/apache/commons/lang/time/FastDateFormat.java=>297,299]
String pattern=formatter.toPattern();
format=getInstance(pattern,timeZone,locale);
cDateTimeInstanceCache.put(key,format);

Time : 22/07/16 08:48
----------------------------------------

----------------------------------------
----------------------------------------
Pass Single Test : [=>0,0]
String pattern=formatter.toPattern();
format=getInstance(pattern,timeZone,locale);
cDateInstanceCache.put(pattern,format);

Time : 22/07/16 08:48
----------------------------------------

----------------------------------------
----------------------------------------
Similar code block : 1.6511618516375068 : [/data/MutationAnalysis/target_classes_comment_new/Lang/Lang_50_buggy/src/java/org/apache/commons/lang/time/FastDateFormat.java=>0,0]
mapNameToValue.put(name,new Integer(value));
mapValueToName.put(value,name);

Time : 22/07/16 08:48
----------------------------------------

----------------------------------------
----------------------------------------
Original source code : [/data/MutationAnalysis/target_classes_comment_new/Lang/Lang_50_buggy/src/java/org/apache/commons/lang/time/FastDateFormat.java=>297,299]
String pattern=formatter.toPattern();
format=getInstance(pattern,timeZone,locale);
cDateInstanceCache.put(key,format);

Time : 22/07/16 08:48
----------------------------------------

----------------------------------------
----------------------------------------
Find a patch : [/data/MutationAnalysis/target_classes_comment_new/Lang/Lang_50_buggy/src/java/org/apache/commons/lang/time/FastDateFormat.java=>297,299]
String pattern=formatter.toPattern();
format=getInstance(pattern,timeZone,locale);
cDateInstanceCache.put(pattern,format);

Time : 22/07/16 08:48
----------------------------------------

----------------------------------------
----------------------------------------
Pass Single Test : [=>0,0]
if(locale!=null){
key=new Pair(key,locale);
}
String pattern=formatter.toPattern();
format=getInstance(pattern,timeZone,locale);
cDateInstanceCache.put(key,format);

Time : 22/07/16 08:49
----------------------------------------

----------------------------------------
----------------------------------------
Similar code block : 1.5543233741839946 : [/data/MutationAnalysis/target_classes_comment_new/Lang/Lang_50_buggy/src/java/org/apache/commons/lang/time/FastDateFormat.java=>0,0]
if(timeZone!=null){
key=new Pair(key,timeZone);
}
if(locale!=null){
key=new Pair(key,locale);
}
FastDateFormat format=(FastDateFormat)cDateInstanceCache.get(key);

Time : 22/07/16 08:49
----------------------------------------

----------------------------------------
----------------------------------------
Original source code : [/data/MutationAnalysis/target_classes_comment_new/Lang/Lang_50_buggy/src/java/org/apache/commons/lang/time/FastDateFormat.java=>297,299]
String pattern=formatter.toPattern();
format=getInstance(pattern,timeZone,locale);
cDateInstanceCache.put(key,format);

Time : 22/07/16 08:49
----------------------------------------

----------------------------------------
----------------------------------------
Find a patch : [/data/MutationAnalysis/target_classes_comment_new/Lang/Lang_50_buggy/src/java/org/apache/commons/lang/time/FastDateFormat.java=>297,299]
if(locale!=null){
key=new Pair(key,locale);
}
String pattern=formatter.toPattern();
format=getInstance(pattern,timeZone,locale);
cDateInstanceCache.put(key,format);

Time : 22/07/16 08:49
----------------------------------------

----------------------------------------
----------------------------------------
Pass Single Test : [=>0,0]
if(timeZone!=null){
key=new Pair(key,timeZone);
}
if(locale!=null){
key=new Pair(key,locale);
}
String pattern=formatter.toPattern();
format=getInstance(pattern,timeZone,locale);
cDateInstanceCache.put(key,format);

Time : 22/07/16 08:50
----------------------------------------

----------------------------------------
----------------------------------------
Similar code block : 1.4543233741839945 : [/data/MutationAnalysis/target_classes_comment_new/Lang/Lang_50_buggy/src/java/org/apache/commons/lang/time/FastDateFormat.java=>0,0]
if(timeZone!=null){
key=new Pair(key,timeZone);
}
if(locale!=null){
key=new Pair(key,locale);
}
FastDateFormat format=(FastDateFormat)cTimeInstanceCache.get(key);

Time : 22/07/16 08:50
----------------------------------------

----------------------------------------
----------------------------------------
Original source code : [/data/MutationAnalysis/target_classes_comment_new/Lang/Lang_50_buggy/src/java/org/apache/commons/lang/time/FastDateFormat.java=>297,299]
String pattern=formatter.toPattern();
format=getInstance(pattern,timeZone,locale);
cDateInstanceCache.put(key,format);

Time : 22/07/16 08:50
----------------------------------------

----------------------------------------
----------------------------------------
Find a patch : [/data/MutationAnalysis/target_classes_comment_new/Lang/Lang_50_buggy/src/java/org/apache/commons/lang/time/FastDateFormat.java=>297,299]
if(timeZone!=null){
key=new Pair(key,timeZone);
}
if(locale!=null){
key=new Pair(key,locale);
}
String pattern=formatter.toPattern();
format=getInstance(pattern,timeZone,locale);
cDateInstanceCache.put(key,format);

Time : 22/07/16 08:50
----------------------------------------

----------------------------------------
----------------------------------------
Pass Single Test : [=>0,0]
String pattern=formatter.toPattern();
format=getInstance(pattern,timeZone,locale);
cTimeZoneDisplayCache.put(key,format);

Time : 22/07/16 08:50
----------------------------------------

----------------------------------------
----------------------------------------
Similar code block : 1.4215232063753236 : [/data/MutationAnalysis/target_classes_comment_new/Lang/Lang_50_buggy/src/java/org/apache/commons/lang/time/FastDateFormat.java=>0,0]
Object key=new TimeZoneDisplayKey(tz,daylight,style,locale);
String value=(String)cTimeZoneDisplayCache.get(key);
if(value==null){
value=tz.getDisplayName(daylight,style,locale);
cTimeZoneDisplayCache.put(key,value);
}
return value;

Time : 22/07/16 08:51
----------------------------------------

----------------------------------------
----------------------------------------
Original source code : [/data/MutationAnalysis/target_classes_comment_new/Lang/Lang_50_buggy/src/java/org/apache/commons/lang/time/FastDateFormat.java=>297,299]
String pattern=formatter.toPattern();
format=getInstance(pattern,timeZone,locale);
cDateInstanceCache.put(key,format);

Time : 22/07/16 08:51
----------------------------------------

----------------------------------------
----------------------------------------
Find a patch : [/data/MutationAnalysis/target_classes_comment_new/Lang/Lang_50_buggy/src/java/org/apache/commons/lang/time/FastDateFormat.java=>297,299]
String pattern=formatter.toPattern();
format=getInstance(pattern,timeZone,locale);
cTimeZoneDisplayCache.put(key,format);

Time : 22/07/16 08:51
----------------------------------------
Sat Jul 16 08:53:19 UTC 2022 org.apache.commons.lang.time.FastDateFormat,299
Sat Jul 16 08:53:20 UTC 2022 Sat Jul 16 08:53:20 UTC 2022 : org.apache.commons.lang.time.FastDateFormat,303=>Find no block
Sat Jul 16 08:53:20 UTC 2022 org.apache.commons.lang.time.FastDateFormat,305
Sat Jul 16 08:53:29 UTC 2022 org.apache.commons.lang.time.FastDateFormat,633
Sat Jul 16 08:53:53 UTC 2022 org.apache.commons.lang.time.FastDateFormat,634
Sat Jul 16 08:53:55 UTC 2022 org.apache.commons.lang.time.FastDateFormat,663
Sat Jul 16 08:54:22 UTC 2022 org.apache.commons.lang.time.FastDateFormat,664
Sat Jul 16 08:54:24 UTC 2022 org.apache.commons.lang.time.FastDateFormat,648
Sat Jul 16 08:54:51 UTC 2022 org.apache.commons.lang.time.FastDateFormat,649
Sat Jul 16 08:54:54 UTC 2022 org.apache.commons.lang.time.FastDateFormat,690
Sat Jul 16 08:57:44 UTC 2022 org.apache.commons.lang.time.FastDateFormat,692
Sat Jul 16 09:01:11 UTC 2022 Sat Jul 16 09:01:11 UTC 2022 : org.apache.commons.lang.time.FastDateFormat,1112=>Find no block
Sat Jul 16 09:01:11 UTC 2022 org.apache.commons.lang.time.FastDateFormat,1113
Sat Jul 16 09:01:21 UTC 2022 Sat Jul 16 09:01:21 UTC 2022 : org.apache.commons.lang.time.FastDateFormat,1114=>Find no block
Sat Jul 16 09:01:22 UTC 2022 org.apache.commons.lang.time.FastDateFormat,1120
Sat Jul 16 09:02:23 UTC 2022 Sat Jul 16 09:02:23 UTC 2022 : org.apache.commons.lang.time.FastDateFormat,1145=>Find no block
Sat Jul 16 09:02:23 UTC 2022 org.apache.commons.lang.time.FastDateFormat,1146
Sat Jul 16 09:02:32 UTC 2022 org.apache.commons.lang.time.FastDateFormat,1147
Sat Jul 16 09:02:33 UTC 2022 Sat Jul 16 09:02:33 UTC 2022 : org.apache.commons.lang.time.FastDateFormat,1148=>Find no block
Sat Jul 16 09:02:33 UTC 2022 org.apache.commons.lang.time.FastDateFormat,1154
Sat Jul 16 09:15:50 UTC 2022 org.apache.commons.lang.time.FastDateFormat,1155
Sat Jul 16 09:15:51 UTC 2022 org.apache.commons.lang.time.FastDateFormat,1156
Sat Jul 16 09:15:51 UTC 2022 org.apache.commons.lang.time.FastDateFormat,1157
Sat Jul 16 09:15:51 UTC 2022 org.apache.commons.lang.time.FastDateFormat,1158
Sat Jul 16 09:15:52 UTC 2022 Sat Jul 16 09:15:52 UTC 2022 : org.apache.commons.lang.time.FastDateFormat,1160=>Find no block
Sat Jul 16 09:15:52 UTC 2022 org.apache.commons.lang.time.FastDateFormat,1161
Sat Jul 16 09:15:52 UTC 2022 org.apache.commons.lang.time.FastDateFormat,630
Sat Jul 16 09:17:01 UTC 2022 org.apache.commons.lang.time.FastDateFormat,631
Sat Jul 16 09:17:54 UTC 2022 org.apache.commons.lang.time.FastDateFormat,613
Sat Jul 16 09:18:38 UTC 2022 org.apache.commons.lang.time.FastDateFormat,776
Sat Jul 16 09:18:39 UTC 2022 Sat Jul 16 09:18:39 UTC 2022 : org.apache.commons.lang.time.FastDateFormat,1272=>Find no block
Sat Jul 16 09:18:39 UTC 2022 org.apache.commons.lang.time.FastDateFormat,1273
Sat Jul 16 09:20:37 UTC 2022 org.apache.commons.lang.time.FastDateFormat,1277
Sat Jul 16 09:22:59 UTC 2022 org.apache.commons.lang.time.FastDateFormat,1278
Sat Jul 16 09:22:59 UTC 2022 Sat Jul 16 09:22:59 UTC 2022 : org.apache.commons.lang.time.FastDateFormat,1279=>Find no block
Sat Jul 16 09:23:00 UTC 2022 org.apache.commons.lang.time.FastDateFormat,1285
Sat Jul 16 09:23:00 UTC 2022 org.apache.commons.lang.time.FastDateFormat,538
Sat Jul 16 09:23:49 UTC 2022 org.apache.commons.lang.time.FastDateFormat,539
Sat Jul 16 09:24:38 UTC 2022 org.apache.commons.lang.time.FastDateFormat,542
Sat Jul 16 09:25:49 UTC 2022 org.apache.commons.lang.time.FastDateFormat,544
Sat Jul 16 09:26:29 UTC 2022 org.apache.commons.lang.time.FastDateFormat,545
Sat Jul 16 09:26:45 UTC 2022 org.apache.commons.lang.time.FastDateFormat,546
Sat Jul 16 09:26:45 UTC 2022 org.apache.commons.lang.time.FastDateFormat,548
Sat Jul 16 09:27:24 UTC 2022 org.apache.commons.lang.time.FastDateFormat,550
Sat Jul 16 09:27:59 UTC 2022 org.apache.commons.lang.time.FastDateFormat,551
Sat Jul 16 09:27:59 UTC 2022 org.apache.commons.lang.time.FastDateFormat,554
Sat Jul 16 09:28:23 UTC 2022 Sat Jul 16 09:28:23 UTC 2022 : org.apache.commons.lang.time.FastDateFormat,555=>Find no block
Sat Jul 16 09:28:24 UTC 2022 Sat Jul 16 09:28:24 UTC 2022 : org.apache.commons.lang.time.FastDateFormat,110=>Find no block
Sat Jul 16 09:28:24 UTC 2022 Sat Jul 16 09:28:24 UTC 2022 : org.apache.commons.lang.time.FastDateFormat,111=>Find no block
Sat Jul 16 09:28:24 UTC 2022 Sat Jul 16 09:28:24 UTC 2022 : org.apache.commons.lang.time.FastDateFormat,112=>Find no block
Sat Jul 16 09:28:24 UTC 2022 Sat Jul 16 09:28:24 UTC 2022 : org.apache.commons.lang.time.FastDateFormat,113=>Find no block
Sat Jul 16 09:28:24 UTC 2022 Sat Jul 16 09:28:24 UTC 2022 : org.apache.commons.lang.time.FastDateFormat,114=>Find no block
Sat Jul 16 09:28:25 UTC 2022 org.apache.commons.lang.time.FastDateFormat,212
Sat Jul 16 09:30:33 UTC 2022 org.apache.commons.lang.time.FastDateFormat,213
Sat Jul 16 09:30:34 UTC 2022 org.apache.commons.lang.time.FastDateFormat,214
Sat Jul 16 09:30:34 UTC 2022 org.apache.commons.lang.time.FastDateFormat,215
Sat Jul 16 09:30:34 UTC 2022 org.apache.commons.lang.time.FastDateFormat,216
Sat Jul 16 09:30:34 UTC 2022 org.apache.commons.lang.time.FastDateFormat,217
Sat Jul 16 09:30:35 UTC 2022 org.apache.commons.lang.time.FastDateFormat,219
Sat Jul 16 09:30:35 UTC 2022 org.apache.commons.lang.time.FastDateFormat,561
Sat Jul 16 09:43:18 UTC 2022 org.apache.commons.lang.time.FastDateFormat,562
Sat Jul 16 09:43:19 UTC 2022 org.apache.commons.lang.time.FastDateFormat,564
Sat Jul 16 09:43:19 UTC 2022 org.apache.commons.lang.time.FastDateFormat,565
Sat Jul 16 09:43:19 UTC 2022 org.apache.commons.lang.time.FastDateFormat,566
Sat Jul 16 09:43:20 UTC 2022 org.apache.commons.lang.time.FastDateFormat,569
Sat Jul 16 09:43:20 UTC 2022 Sat Jul 16 09:43:20 UTC 2022 : org.apache.commons.lang.time.FastDateFormat,570=>Find no block
Sat Jul 16 09:43:20 UTC 2022 org.apache.commons.lang.time.FastDateFormat,581
Sat Jul 16 09:43:22 UTC 2022 org.apache.commons.lang.time.FastDateFormat,582
Sat Jul 16 09:43:22 UTC 2022 org.apache.commons.lang.time.FastDateFormat,584
Sat Jul 16 09:43:24 UTC 2022 org.apache.commons.lang.time.FastDateFormat,585
Sat Jul 16 09:43:26 UTC 2022 org.apache.commons.lang.time.FastDateFormat,586
Sat Jul 16 09:43:27 UTC 2022 org.apache.commons.lang.time.FastDateFormat,587
Sat Jul 16 09:43:29 UTC 2022 org.apache.commons.lang.time.FastDateFormat,588
Sat Jul 16 09:43:30 UTC 2022 org.apache.commons.lang.time.FastDateFormat,589
Sat Jul 16 09:46:37 UTC 2022 org.apache.commons.lang.time.FastDateFormat,591
Sat Jul 16 09:50:51 UTC 2022 org.apache.commons.lang.time.FastDateFormat,592
Sat Jul 16 09:50:51 UTC 2022 org.apache.commons.lang.time.FastDateFormat,594
Sat Jul 16 10:28:54 UTC 2022 org.apache.commons.lang.time.FastDateFormat,595
Sat Jul 16 10:29:44 UTC 2022 org.apache.commons.lang.time.FastDateFormat,596
Sat Jul 16 10:29:44 UTC 2022 org.apache.commons.lang.time.FastDateFormat,597
Sat Jul 16 10:35:19 UTC 2022 org.apache.commons.lang.time.FastDateFormat,599
Sat Jul 16 10:43:45 UTC 2022 org.apache.commons.lang.time.FastDateFormat,600
Sat Jul 16 10:43:45 UTC 2022 org.apache.commons.lang.time.FastDateFormat,605
Sat Jul 16 10:45:25 UTC 2022 Sat Jul 16 10:45:25 UTC 2022 : org.apache.commons.lang.time.FastDateFormat,607=>Find no block
Sat Jul 16 10:45:30 UTC 2022 org.apache.commons.lang.time.FastDateFormat,612
Sat Jul 16 10:45:30 UTC 2022 org.apache.commons.lang.time.FastDateFormat,619
Sat Jul 16 10:45:30 UTC 2022 org.apache.commons.lang.time.FastDateFormat,686
Sat Jul 16 10:45:53 UTC 2022 org.apache.commons.lang.time.FastDateFormat,687
Sat Jul 16 10:45:54 UTC 2022 org.apache.commons.lang.time.FastDateFormat,688
Sat Jul 16 10:45:54 UTC 2022 org.apache.commons.lang.time.FastDateFormat,697
Timeout time : 22/07/16 10:45
Current failed test : org.apache.commons.lang.time.FastDateFormatTest::test_changeDefault_Locale_DateTimeInstance | 22/07/16 10:45
Sat Jul 16 10:45:57 UTC 2022 org.apache.commons.lang.time.FastDateFormat,620
Sat Jul 16 10:48:11 UTC 2022 Sat Jul 16 10:48:11 UTC 2022 : org.apache.commons.lang.time.FastDateFormat,1708=>Find no block
Sat Jul 16 10:48:11 UTC 2022 org.apache.commons.lang.time.FastDateFormat,1709
Sat Jul 16 10:48:12 UTC 2022 org.apache.commons.lang.time.FastDateFormat,1710
Sat Jul 16 10:48:12 UTC 2022 Sat Jul 16 10:48:12 UTC 2022 : org.apache.commons.lang.time.FastDateFormat,1711=>Find no block
Sat Jul 16 10:48:13 UTC 2022 org.apache.commons.lang.time.FastDateFormat,1738
Sat Jul 16 10:48:14 UTC 2022 org.apache.commons.lang.time.FastDateFormat,234
Sat Jul 16 10:48:32 UTC 2022 org.apache.commons.lang.time.FastDateFormat,293
Sat Jul 16 10:48:45 UTC 2022 org.apache.commons.lang.time.FastDateFormat,408
Sat Jul 16 10:48:53 UTC 2022 org.apache.commons.lang.time.FastDateFormat,425
Sat Jul 16 10:49:18 UTC 2022 org.apache.commons.lang.time.FastDateFormat,461
Sat Jul 16 10:49:31 UTC 2022 org.apache.commons.lang.time.FastDateFormat,462
Sat Jul 16 10:49:44 UTC 2022 org.apache.commons.lang.time.FastDateFormat,465
Sat Jul 16 10:49:58 UTC 2022 org.apache.commons.lang.time.FastDateFormat,466
Sat Jul 16 10:49:58 UTC 2022 org.apache.commons.lang.time.FastDateFormat,469
Sat Jul 16 10:50:25 UTC 2022 org.apache.commons.lang.time.FastDateFormat,470
Sat Jul 16 10:50:49 UTC 2022 org.apache.commons.lang.time.FastDateFormat,471
Sat Jul 16 10:50:49 UTC 2022 org.apache.commons.lang.time.FastDateFormat,472
Sat Jul 16 10:50:49 UTC 2022 org.apache.commons.lang.time.FastDateFormat,475

----------------------------------------
----------------------------------------
Pass Single Test : [=>0,0]
if(locale!=null){
key=new Pair(key,locale);
}
SimpleDateFormat formatter=(SimpleDateFormat)DateFormat.getDateTimeInstance(dateStyle,timeStyle,locale);
String pattern=formatter.toPattern();
format=getInstance(pattern,timeZone,locale);

Time : 22/07/16 10:51
----------------------------------------

----------------------------------------
----------------------------------------
Similar code block : 1.3354214422411372 : [/data/MutationAnalysis/target_classes_comment_new/Lang/Lang_50_buggy/src/java/org/apache/commons/lang/time/FastDateFormat.java=>0,0]
if(timeZone!=null){
key=new Pair(key,timeZone);
}
if(locale!=null){
key=new Pair(key,locale);
}
FastDateFormat format=(FastDateFormat)cDateInstanceCache.get(key);

Time : 22/07/16 10:51
----------------------------------------

----------------------------------------
----------------------------------------
Original source code : [/data/MutationAnalysis/target_classes_comment_new/Lang/Lang_50_buggy/src/java/org/apache/commons/lang/time/FastDateFormat.java=>475,478]
SimpleDateFormat formatter=(SimpleDateFormat)DateFormat.getDateTimeInstance(dateStyle,timeStyle,locale);
String pattern=formatter.toPattern();
format=getInstance(pattern,timeZone,locale);

Time : 22/07/16 10:51
----------------------------------------

----------------------------------------
----------------------------------------
Find a patch : [/data/MutationAnalysis/target_classes_comment_new/Lang/Lang_50_buggy/src/java/org/apache/commons/lang/time/FastDateFormat.java=>475,478]
if(locale!=null){
key=new Pair(key,locale);
}
SimpleDateFormat formatter=(SimpleDateFormat)DateFormat.getDateTimeInstance(dateStyle,timeStyle,locale);
String pattern=formatter.toPattern();
format=getInstance(pattern,timeZone,locale);

Time : 22/07/16 10:51
----------------------------------------

----------------------------------------
----------------------------------------
Pass Single Test : [=>0,0]
if(timeZone!=null){
key=new Pair(key,timeZone);
}
if(locale!=null){
key=new Pair(key,locale);
}
SimpleDateFormat formatter=(SimpleDateFormat)DateFormat.getDateTimeInstance(dateStyle,timeStyle,locale);
String pattern=formatter.toPattern();
format=getInstance(pattern,timeZone,locale);

Time : 22/07/16 10:51
----------------------------------------

----------------------------------------
----------------------------------------
Similar code block : 1.3354214422411372 : [/data/MutationAnalysis/target_classes_comment_new/Lang/Lang_50_buggy/src/java/org/apache/commons/lang/time/FastDateFormat.java=>0,0]
if(timeZone!=null){
key=new Pair(key,timeZone);
}
if(locale!=null){
key=new Pair(key,locale);
}
FastDateFormat format=(FastDateFormat)cTimeInstanceCache.get(key);

Time : 22/07/16 10:52
----------------------------------------

----------------------------------------
----------------------------------------
Original source code : [/data/MutationAnalysis/target_classes_comment_new/Lang/Lang_50_buggy/src/java/org/apache/commons/lang/time/FastDateFormat.java=>475,478]
SimpleDateFormat formatter=(SimpleDateFormat)DateFormat.getDateTimeInstance(dateStyle,timeStyle,locale);
String pattern=formatter.toPattern();
format=getInstance(pattern,timeZone,locale);

Time : 22/07/16 10:52
----------------------------------------

----------------------------------------
----------------------------------------
Find a patch : [/data/MutationAnalysis/target_classes_comment_new/Lang/Lang_50_buggy/src/java/org/apache/commons/lang/time/FastDateFormat.java=>475,478]
if(timeZone!=null){
key=new Pair(key,timeZone);
}
if(locale!=null){
key=new Pair(key,locale);
}
SimpleDateFormat formatter=(SimpleDateFormat)DateFormat.getDateTimeInstance(dateStyle,timeStyle,locale);
String pattern=formatter.toPattern();
format=getInstance(pattern,timeZone,locale);

Time : 22/07/16 10:52
----------------------------------------
Sat Jul 16 10:52:55 UTC 2022 org.apache.commons.lang.time.FastDateFormat,477
Sat Jul 16 10:52:59 UTC 2022 org.apache.commons.lang.time.FastDateFormat,478

----------------------------------------
----------------------------------------
Pass Single Test : [=>0,0]
String pattern=formatter.toPattern();
format=getInstance(pattern,timeZone,locale);
cDateInstanceCache.put(key,format);

Time : 22/07/16 10:53
----------------------------------------

----------------------------------------
----------------------------------------
Similar code block : 2.6182792747159676 : [/data/MutationAnalysis/target_classes_comment_new/Lang/Lang_50_buggy/src/java/org/apache/commons/lang/time/FastDateFormat.java=>0,0]
SimpleDateFormat formatter=(SimpleDateFormat)DateFormat.getDateInstance(style,locale);
String pattern=formatter.toPattern();
format=getInstance(pattern,timeZone,locale);
cDateInstanceCache.put(key,format);

Time : 22/07/16 10:53
----------------------------------------

----------------------------------------
----------------------------------------
Original source code : [/data/MutationAnalysis/target_classes_comment_new/Lang/Lang_50_buggy/src/java/org/apache/commons/lang/time/FastDateFormat.java=>477,479]
String pattern=formatter.toPattern();
format=getInstance(pattern,timeZone,locale);
cDateTimeInstanceCache.put(key,format);

Time : 22/07/16 10:53
----------------------------------------

----------------------------------------
----------------------------------------
Find a patch : [/data/MutationAnalysis/target_classes_comment_new/Lang/Lang_50_buggy/src/java/org/apache/commons/lang/time/FastDateFormat.java=>477,479]
String pattern=formatter.toPattern();
format=getInstance(pattern,timeZone,locale);
cDateInstanceCache.put(key,format);

Time : 22/07/16 10:53
----------------------------------------

----------------------------------------
----------------------------------------
Pass Single Test : [=>0,0]
String pattern=formatter.toPattern();
format=getInstance(pattern,timeZone,locale);
cTimeInstanceCache.put(key,format);

Time : 22/07/16 10:53
----------------------------------------

----------------------------------------
----------------------------------------
Similar code block : 2.6182792747159676 : [/data/MutationAnalysis/target_classes_comment_new/Lang/Lang_50_buggy/src/java/org/apache/commons/lang/time/FastDateFormat.java=>0,0]
SimpleDateFormat formatter=(SimpleDateFormat)DateFormat.getTimeInstance(style,locale);
String pattern=formatter.toPattern();
format=getInstance(pattern,timeZone,locale);
cTimeInstanceCache.put(key,format);

Time : 22/07/16 10:53
----------------------------------------

----------------------------------------
----------------------------------------
Original source code : [/data/MutationAnalysis/target_classes_comment_new/Lang/Lang_50_buggy/src/java/org/apache/commons/lang/time/FastDateFormat.java=>477,479]
String pattern=formatter.toPattern();
format=getInstance(pattern,timeZone,locale);
cDateTimeInstanceCache.put(key,format);

Time : 22/07/16 10:53
----------------------------------------

----------------------------------------
----------------------------------------
Find a patch : [/data/MutationAnalysis/target_classes_comment_new/Lang/Lang_50_buggy/src/java/org/apache/commons/lang/time/FastDateFormat.java=>477,479]
String pattern=formatter.toPattern();
format=getInstance(pattern,timeZone,locale);
cTimeInstanceCache.put(key,format);

Time : 22/07/16 10:53
----------------------------------------

----------------------------------------
----------------------------------------
Pass Single Test : [=>0,0]
String pattern=formatter.toPattern();
format=getInstance(pattern,timeZone,locale);
cDateTimeInstanceCache.put(pattern,format);

Time : 22/07/16 10:54
----------------------------------------

----------------------------------------
----------------------------------------
Similar code block : 1.6511618516375068 : [/data/MutationAnalysis/target_classes_comment_new/Lang/Lang_50_buggy/src/java/org/apache/commons/lang/time/FastDateFormat.java=>0,0]
mapNameToValue.put(name,new Integer(value));
mapValueToName.put(value,name);

Time : 22/07/16 10:54
----------------------------------------

----------------------------------------
----------------------------------------
Original source code : [/data/MutationAnalysis/target_classes_comment_new/Lang/Lang_50_buggy/src/java/org/apache/commons/lang/time/FastDateFormat.java=>477,479]
String pattern=formatter.toPattern();
format=getInstance(pattern,timeZone,locale);
cDateTimeInstanceCache.put(key,format);

Time : 22/07/16 10:54
----------------------------------------

----------------------------------------
----------------------------------------
Find a patch : [/data/MutationAnalysis/target_classes_comment_new/Lang/Lang_50_buggy/src/java/org/apache/commons/lang/time/FastDateFormat.java=>477,479]
String pattern=formatter.toPattern();
format=getInstance(pattern,timeZone,locale);
cDateTimeInstanceCache.put(pattern,format);

Time : 22/07/16 10:54
----------------------------------------

----------------------------------------
----------------------------------------
Pass Single Test : [=>0,0]
if(locale!=null){
key=new Pair(key,locale);
}
String pattern=formatter.toPattern();
format=getInstance(pattern,timeZone,locale);
cDateTimeInstanceCache.put(key,format);

Time : 22/07/16 10:55
----------------------------------------

----------------------------------------
----------------------------------------
Similar code block : 1.4543233741839945 : [/data/MutationAnalysis/target_classes_comment_new/Lang/Lang_50_buggy/src/java/org/apache/commons/lang/time/FastDateFormat.java=>0,0]
if(timeZone!=null){
key=new Pair(key,timeZone);
}
if(locale!=null){
key=new Pair(key,locale);
}
FastDateFormat format=(FastDateFormat)cDateInstanceCache.get(key);

Time : 22/07/16 10:55
----------------------------------------

----------------------------------------
----------------------------------------
Original source code : [/data/MutationAnalysis/target_classes_comment_new/Lang/Lang_50_buggy/src/java/org/apache/commons/lang/time/FastDateFormat.java=>477,479]
String pattern=formatter.toPattern();
format=getInstance(pattern,timeZone,locale);
cDateTimeInstanceCache.put(key,format);

Time : 22/07/16 10:55
----------------------------------------

----------------------------------------
----------------------------------------
Find a patch : [/data/MutationAnalysis/target_classes_comment_new/Lang/Lang_50_buggy/src/java/org/apache/commons/lang/time/FastDateFormat.java=>477,479]
if(locale!=null){
key=new Pair(key,locale);
}
String pattern=formatter.toPattern();
format=getInstance(pattern,timeZone,locale);
cDateTimeInstanceCache.put(key,format);

Time : 22/07/16 10:55
----------------------------------------

----------------------------------------
----------------------------------------
Pass Single Test : [=>0,0]
if(timeZone!=null){
key=new Pair(key,timeZone);
}
if(locale!=null){
key=new Pair(key,locale);
}
String pattern=formatter.toPattern();
format=getInstance(pattern,timeZone,locale);
cDateTimeInstanceCache.put(key,format);

Time : 22/07/16 10:55
----------------------------------------

----------------------------------------
----------------------------------------
Similar code block : 1.4543233741839945 : [/data/MutationAnalysis/target_classes_comment_new/Lang/Lang_50_buggy/src/java/org/apache/commons/lang/time/FastDateFormat.java=>0,0]
if(timeZone!=null){
key=new Pair(key,timeZone);
}
if(locale!=null){
key=new Pair(key,locale);
}
FastDateFormat format=(FastDateFormat)cTimeInstanceCache.get(key);

Time : 22/07/16 10:55
----------------------------------------

----------------------------------------
----------------------------------------
Original source code : [/data/MutationAnalysis/target_classes_comment_new/Lang/Lang_50_buggy/src/java/org/apache/commons/lang/time/FastDateFormat.java=>477,479]
String pattern=formatter.toPattern();
format=getInstance(pattern,timeZone,locale);
cDateTimeInstanceCache.put(key,format);

Time : 22/07/16 10:55
----------------------------------------

----------------------------------------
----------------------------------------
Find a patch : [/data/MutationAnalysis/target_classes_comment_new/Lang/Lang_50_buggy/src/java/org/apache/commons/lang/time/FastDateFormat.java=>477,479]
if(timeZone!=null){
key=new Pair(key,timeZone);
}
if(locale!=null){
key=new Pair(key,locale);
}
String pattern=formatter.toPattern();
format=getInstance(pattern,timeZone,locale);
cDateTimeInstanceCache.put(key,format);

Time : 22/07/16 10:55
----------------------------------------

----------------------------------------
----------------------------------------
Pass Single Test : [=>0,0]
String pattern=formatter.toPattern();
format=getInstance(pattern,timeZone,locale);
cTimeZoneDisplayCache.put(key,format);

Time : 22/07/16 10:56
----------------------------------------

----------------------------------------
----------------------------------------
Similar code block : 1.4215232063753236 : [/data/MutationAnalysis/target_classes_comment_new/Lang/Lang_50_buggy/src/java/org/apache/commons/lang/time/FastDateFormat.java=>0,0]
Object key=new TimeZoneDisplayKey(tz,daylight,style,locale);
String value=(String)cTimeZoneDisplayCache.get(key);
if(value==null){
value=tz.getDisplayName(daylight,style,locale);
cTimeZoneDisplayCache.put(key,value);
}
return value;

Time : 22/07/16 10:56
----------------------------------------

----------------------------------------
----------------------------------------
Original source code : [/data/MutationAnalysis/target_classes_comment_new/Lang/Lang_50_buggy/src/java/org/apache/commons/lang/time/FastDateFormat.java=>477,479]
String pattern=formatter.toPattern();
format=getInstance(pattern,timeZone,locale);
cDateTimeInstanceCache.put(key,format);

Time : 22/07/16 10:56
----------------------------------------

----------------------------------------
----------------------------------------
Find a patch : [/data/MutationAnalysis/target_classes_comment_new/Lang/Lang_50_buggy/src/java/org/apache/commons/lang/time/FastDateFormat.java=>477,479]
String pattern=formatter.toPattern();
format=getInstance(pattern,timeZone,locale);
cTimeZoneDisplayCache.put(key,format);

Time : 22/07/16 10:56
----------------------------------------
Sat Jul 16 10:58:21 UTC 2022 org.apache.commons.lang.time.FastDateFormat,479
Sat Jul 16 10:58:21 UTC 2022 Sat Jul 16 10:58:21 UTC 2022 : org.apache.commons.lang.time.FastDateFormat,483=>Find no block
Sat Jul 16 10:58:21 UTC 2022 org.apache.commons.lang.time.FastDateFormat,485
Sat Jul 16 10:58:30 UTC 2022 org.apache.commons.lang.time.FastDateFormat,672
Sat Jul 16 10:59:18 UTC 2022 org.apache.commons.lang.time.FastDateFormat,675
Sat Jul 16 10:59:18 UTC 2022 org.apache.commons.lang.time.FastDateFormat,677
Sat Jul 16 11:01:49 UTC 2022 org.apache.commons.lang.time.FastDateFormat,1717
Sat Jul 16 11:02:56 UTC 2022 org.apache.commons.lang.time.FastDateFormat,1721
Sat Jul 16 11:02:58 UTC 2022 org.apache.commons.lang.time.FastDateFormat,1725

----------------------------------------
----------------------------------------
Pass Single Test : [=>0,0]
if(this==obj){
return true;
}
if(!(obj instanceof Pair)){
return false;
}
Pair key=(Pair)obj;
return mObj1==mObj2&&(mObj2==null?key.mObj2==null:mObj2.equals(key.mObj2));

Time : 22/07/16 11:03
----------------------------------------

----------------------------------------
----------------------------------------
Similar code block : 2.573364857506988 : [/data/MutationAnalysis/target_classes_comment_new/Lang/Lang_50_buggy/src/java/org/apache/commons/lang/time/FastDateFormat.java=>0,0]
if(obj instanceof MutableObject){
Object other=((MutableObject)obj).value;
return value==other||(value!=null&&value.equals(other));
}

Time : 22/07/16 11:04
----------------------------------------

----------------------------------------
----------------------------------------
Original source code : [/data/MutationAnalysis/target_classes_comment_new/Lang/Lang_50_buggy/src/java/org/apache/commons/lang/time/FastDateFormat.java=>1717,1731]
if(this==obj){
return true;
}
if(!(obj instanceof Pair)){
return false;
}
Pair key=(Pair)obj;
return (mObj1==null?key.mObj1==null:mObj1.equals(key.mObj1))&&(mObj2==null?key.mObj2==null:mObj2.equals(key.mObj2));

Time : 22/07/16 11:04
----------------------------------------

----------------------------------------
----------------------------------------
Find a patch : [/data/MutationAnalysis/target_classes_comment_new/Lang/Lang_50_buggy/src/java/org/apache/commons/lang/time/FastDateFormat.java=>1717,1731]
if(this==obj){
return true;
}
if(!(obj instanceof Pair)){
return false;
}
Pair key=(Pair)obj;
return mObj1==mObj2&&(mObj2==null?key.mObj2==null:mObj2.equals(key.mObj2));

Time : 22/07/16 11:04
----------------------------------------
Sat Jul 16 11:04:54 UTC 2022 org.apache.commons.lang.time.FastDateFormat,1727
Sat Jul 16 11:04:54 UTC 2022 Sat Jul 16 11:04:54 UTC 2022 : org.apache.commons.lang.time.FastDateFormat,1538=>Find no block
Sat Jul 16 11:04:54 UTC 2022 org.apache.commons.lang.time.FastDateFormat,1539
Sat Jul 16 11:05:05 UTC 2022 org.apache.commons.lang.time.FastDateFormat,1540
Sat Jul 16 11:05:05 UTC 2022 org.apache.commons.lang.time.FastDateFormat,1541
Sat Jul 16 11:05:39 UTC 2022 org.apache.commons.lang.time.FastDateFormat,1542
Sat Jul 16 11:06:32 UTC 2022 org.apache.commons.lang.time.FastDateFormat,1544
Sat Jul 16 11:06:47 UTC 2022 org.apache.commons.lang.time.FastDateFormat,1548
Sat Jul 16 11:06:47 UTC 2022 org.apache.commons.lang.time.FastDateFormat,1549
Sat Jul 16 11:06:47 UTC 2022 Sat Jul 16 11:06:47 UTC 2022 : org.apache.commons.lang.time.FastDateFormat,1551=>Find no block
Sat Jul 16 11:06:48 UTC 2022 org.apache.commons.lang.time.FastDateFormat,1557
Sat Jul 16 11:09:23 UTC 2022 org.apache.commons.lang.time.FastDateFormat,1559
Sat Jul 16 11:09:24 UTC 2022 org.apache.commons.lang.time.FastDateFormat,1560
Sat Jul 16 11:09:24 UTC 2022 org.apache.commons.lang.time.FastDateFormat,772
Sat Jul 16 11:09:38 UTC 2022 org.apache.commons.lang.time.FastDateFormat,954
Sat Jul 16 11:09:39 UTC 2022 Sat Jul 16 11:09:39 UTC 2022 : org.apache.commons.lang.time.FastDateFormat,1185=>Find no block
Sat Jul 16 11:09:39 UTC 2022 org.apache.commons.lang.time.FastDateFormat,1186
Sat Jul 16 11:09:53 UTC 2022 Sat Jul 16 11:09:53 UTC 2022 : org.apache.commons.lang.time.FastDateFormat,1187=>Find no block
Sat Jul 16 11:10:00 UTC 2022 Sat Jul 16 11:10:00 UTC 2022 : org.apache.commons.lang.time.FastDateFormat,1176=>Find no block
Sat Jul 16 11:10:01 UTC 2022 org.apache.commons.lang.time.FastDateFormat,1193
Sat Jul 16 11:10:02 UTC 2022 Sat Jul 16 11:10:02 UTC 2022 : org.apache.commons.lang.time.FastDateFormat,1447=>Find no block
Sat Jul 16 11:10:02 UTC 2022 org.apache.commons.lang.time.FastDateFormat,1448
Sat Jul 16 11:10:03 UTC 2022 Sat Jul 16 11:10:03 UTC 2022 : org.apache.commons.lang.time.FastDateFormat,1449=>Find no block
Sat Jul 16 11:10:03 UTC 2022 org.apache.commons.lang.time.FastDateFormat,1455
Sat Jul 16 11:10:04 UTC 2022 org.apache.commons.lang.time.FastDateFormat,249
Sat Jul 16 11:10:46 UTC 2022 org.apache.commons.lang.time.FastDateFormat,280
Sat Jul 16 11:11:05 UTC 2022 org.apache.commons.lang.time.FastDateFormat,281
Sat Jul 16 11:11:05 UTC 2022 org.apache.commons.lang.time.FastDateFormat,285
Sat Jul 16 11:11:05 UTC 2022 org.apache.commons.lang.time.FastDateFormat,286
Sat Jul 16 11:11:06 UTC 2022 org.apache.commons.lang.time.FastDateFormat,290
Sat Jul 16 11:11:45 UTC 2022 org.apache.commons.lang.time.FastDateFormat,291
Sat Jul 16 11:12:23 UTC 2022 org.apache.commons.lang.time.FastDateFormat,292
Sat Jul 16 11:12:24 UTC 2022 org.apache.commons.lang.time.FastDateFormat,296
Sat Jul 16 11:14:23 UTC 2022 org.apache.commons.lang.time.FastDateFormat,297
Sat Jul 16 11:14:23 UTC 2022 org.apache.commons.lang.time.FastDateFormat,298
Sat Jul 16 11:18:24 UTC 2022 org.apache.commons.lang.time.FastDateFormat,299
Sat Jul 16 11:18:25 UTC 2022 Sat Jul 16 11:18:25 UTC 2022 : org.apache.commons.lang.time.FastDateFormat,303=>Find no block
Sat Jul 16 11:18:25 UTC 2022 org.apache.commons.lang.time.FastDateFormat,305
Sat Jul 16 11:18:36 UTC 2022 org.apache.commons.lang.time.FastDateFormat,633
Sat Jul 16 11:19:00 UTC 2022 org.apache.commons.lang.time.FastDateFormat,634
Sat Jul 16 11:19:02 UTC 2022 org.apache.commons.lang.time.FastDateFormat,663
Sat Jul 16 11:19:27 UTC 2022 org.apache.commons.lang.time.FastDateFormat,664
Sat Jul 16 11:19:30 UTC 2022 org.apache.commons.lang.time.FastDateFormat,648
Sat Jul 16 11:19:58 UTC 2022 org.apache.commons.lang.time.FastDateFormat,649
Sat Jul 16 11:20:00 UTC 2022 org.apache.commons.lang.time.FastDateFormat,690
Sat Jul 16 11:22:46 UTC 2022 org.apache.commons.lang.time.FastDateFormat,692
Sat Jul 16 11:26:17 UTC 2022 Sat Jul 16 11:26:17 UTC 2022 : org.apache.commons.lang.time.FastDateFormat,1112=>Find no block
Sat Jul 16 11:26:17 UTC 2022 org.apache.commons.lang.time.FastDateFormat,1113
Sat Jul 16 11:26:25 UTC 2022 Sat Jul 16 11:26:25 UTC 2022 : org.apache.commons.lang.time.FastDateFormat,1114=>Find no block
Sat Jul 16 11:26:26 UTC 2022 org.apache.commons.lang.time.FastDateFormat,1120
Sat Jul 16 11:27:33 UTC 2022 Sat Jul 16 11:27:33 UTC 2022 : org.apache.commons.lang.time.FastDateFormat,1145=>Find no block
Sat Jul 16 11:27:33 UTC 2022 org.apache.commons.lang.time.FastDateFormat,1146
Sat Jul 16 11:27:42 UTC 2022 org.apache.commons.lang.time.FastDateFormat,1147
Sat Jul 16 11:27:42 UTC 2022 Sat Jul 16 11:27:42 UTC 2022 : org.apache.commons.lang.time.FastDateFormat,1148=>Find no block
Sat Jul 16 11:27:42 UTC 2022 org.apache.commons.lang.time.FastDateFormat,1154
Sat Jul 16 11:40:25 UTC 2022 org.apache.commons.lang.time.FastDateFormat,1155
Sat Jul 16 11:40:26 UTC 2022 org.apache.commons.lang.time.FastDateFormat,1156
Sat Jul 16 11:40:26 UTC 2022 org.apache.commons.lang.time.FastDateFormat,1157
Sat Jul 16 11:40:26 UTC 2022 org.apache.commons.lang.time.FastDateFormat,1158
Sat Jul 16 11:40:27 UTC 2022 Sat Jul 16 11:40:27 UTC 2022 : org.apache.commons.lang.time.FastDateFormat,1160=>Find no block
Sat Jul 16 11:40:27 UTC 2022 org.apache.commons.lang.time.FastDateFormat,1161
Sat Jul 16 11:40:27 UTC 2022 org.apache.commons.lang.time.FastDateFormat,630
Sat Jul 16 11:41:34 UTC 2022 org.apache.commons.lang.time.FastDateFormat,631
Sat Jul 16 11:42:20 UTC 2022 org.apache.commons.lang.time.FastDateFormat,613
Sat Jul 16 11:43:03 UTC 2022 org.apache.commons.lang.time.FastDateFormat,776
Sat Jul 16 11:43:04 UTC 2022 Sat Jul 16 11:43:04 UTC 2022 : org.apache.commons.lang.time.FastDateFormat,1272=>Find no block
Sat Jul 16 11:43:04 UTC 2022 org.apache.commons.lang.time.FastDateFormat,1273
Sat Jul 16 11:44:54 UTC 2022 org.apache.commons.lang.time.FastDateFormat,1277
Sat Jul 16 11:47:05 UTC 2022 org.apache.commons.lang.time.FastDateFormat,1278
Sat Jul 16 11:47:05 UTC 2022 Sat Jul 16 11:47:05 UTC 2022 : org.apache.commons.lang.time.FastDateFormat,1279=>Find no block
Sat Jul 16 11:47:05 UTC 2022 org.apache.commons.lang.time.FastDateFormat,1285
Sat Jul 16 11:47:05 UTC 2022 org.apache.commons.lang.time.FastDateFormat,538
Sat Jul 16 11:47:54 UTC 2022 org.apache.commons.lang.time.FastDateFormat,539
Sat Jul 16 11:48:42 UTC 2022 org.apache.commons.lang.time.FastDateFormat,542
Sat Jul 16 11:49:48 UTC 2022 org.apache.commons.lang.time.FastDateFormat,544
Sat Jul 16 11:50:35 UTC 2022 org.apache.commons.lang.time.FastDateFormat,545
Sat Jul 16 11:50:54 UTC 2022 org.apache.commons.lang.time.FastDateFormat,546
Sat Jul 16 11:50:54 UTC 2022 org.apache.commons.lang.time.FastDateFormat,548
Sat Jul 16 11:51:28 UTC 2022 org.apache.commons.lang.time.FastDateFormat,550
Sat Jul 16 11:51:58 UTC 2022 org.apache.commons.lang.time.FastDateFormat,551
Sat Jul 16 11:51:58 UTC 2022 org.apache.commons.lang.time.FastDateFormat,554
Sat Jul 16 11:52:22 UTC 2022 Sat Jul 16 11:52:22 UTC 2022 : org.apache.commons.lang.time.FastDateFormat,555=>Find no block
Sat Jul 16 11:52:22 UTC 2022 Sat Jul 16 11:52:22 UTC 2022 : org.apache.commons.lang.time.FastDateFormat,110=>Find no block
Sat Jul 16 11:52:23 UTC 2022 Sat Jul 16 11:52:23 UTC 2022 : org.apache.commons.lang.time.FastDateFormat,111=>Find no block
Sat Jul 16 11:52:23 UTC 2022 Sat Jul 16 11:52:23 UTC 2022 : org.apache.commons.lang.time.FastDateFormat,112=>Find no block
Sat Jul 16 11:52:23 UTC 2022 Sat Jul 16 11:52:23 UTC 2022 : org.apache.commons.lang.time.FastDateFormat,113=>Find no block
Sat Jul 16 11:52:23 UTC 2022 Sat Jul 16 11:52:23 UTC 2022 : org.apache.commons.lang.time.FastDateFormat,114=>Find no block
Sat Jul 16 11:52:24 UTC 2022 org.apache.commons.lang.time.FastDateFormat,212
Sat Jul 16 11:54:36 UTC 2022 org.apache.commons.lang.time.FastDateFormat,213
Sat Jul 16 11:54:36 UTC 2022 org.apache.commons.lang.time.FastDateFormat,214
Sat Jul 16 11:54:36 UTC 2022 org.apache.commons.lang.time.FastDateFormat,215
Sat Jul 16 11:54:36 UTC 2022 org.apache.commons.lang.time.FastDateFormat,216
Sat Jul 16 11:54:37 UTC 2022 org.apache.commons.lang.time.FastDateFormat,217
Sat Jul 16 11:54:37 UTC 2022 org.apache.commons.lang.time.FastDateFormat,219
Sat Jul 16 11:54:37 UTC 2022 org.apache.commons.lang.time.FastDateFormat,561
Sat Jul 16 12:06:19 UTC 2022 org.apache.commons.lang.time.FastDateFormat,562
Sat Jul 16 12:06:19 UTC 2022 org.apache.commons.lang.time.FastDateFormat,564
Sat Jul 16 12:06:19 UTC 2022 org.apache.commons.lang.time.FastDateFormat,565
Sat Jul 16 12:06:20 UTC 2022 org.apache.commons.lang.time.FastDateFormat,566
Sat Jul 16 12:06:20 UTC 2022 org.apache.commons.lang.time.FastDateFormat,569
Sat Jul 16 12:06:20 UTC 2022 Sat Jul 16 12:06:20 UTC 2022 : org.apache.commons.lang.time.FastDateFormat,570=>Find no block
Sat Jul 16 12:06:20 UTC 2022 org.apache.commons.lang.time.FastDateFormat,581
Sat Jul 16 12:06:21 UTC 2022 org.apache.commons.lang.time.FastDateFormat,582
Sat Jul 16 12:06:21 UTC 2022 org.apache.commons.lang.time.FastDateFormat,584
Sat Jul 16 12:06:23 UTC 2022 org.apache.commons.lang.time.FastDateFormat,585
Sat Jul 16 12:06:24 UTC 2022 org.apache.commons.lang.time.FastDateFormat,586
Sat Jul 16 12:06:25 UTC 2022 org.apache.commons.lang.time.FastDateFormat,587
Sat Jul 16 12:06:26 UTC 2022 org.apache.commons.lang.time.FastDateFormat,588
Sat Jul 16 12:06:27 UTC 2022 org.apache.commons.lang.time.FastDateFormat,589
Sat Jul 16 12:09:20 UTC 2022 org.apache.commons.lang.time.FastDateFormat,591
Sat Jul 16 12:12:43 UTC 2022 org.apache.commons.lang.time.FastDateFormat,592
Sat Jul 16 12:12:43 UTC 2022 org.apache.commons.lang.time.FastDateFormat,594
Sat Jul 16 12:49:46 UTC 2022 org.apache.commons.lang.time.FastDateFormat,595
Sat Jul 16 12:50:30 UTC 2022 org.apache.commons.lang.time.FastDateFormat,596
Sat Jul 16 12:50:30 UTC 2022 org.apache.commons.lang.time.FastDateFormat,597
Sat Jul 16 12:56:29 UTC 2022 org.apache.commons.lang.time.FastDateFormat,599
Sat Jul 16 13:05:12 UTC 2022 org.apache.commons.lang.time.FastDateFormat,600
Sat Jul 16 13:05:12 UTC 2022 org.apache.commons.lang.time.FastDateFormat,605
Sat Jul 16 13:07:24 UTC 2022 Sat Jul 16 13:07:24 UTC 2022 : org.apache.commons.lang.time.FastDateFormat,607=>Find no block
Sat Jul 16 13:07:38 UTC 2022 org.apache.commons.lang.time.FastDateFormat,612
Sat Jul 16 13:07:39 UTC 2022 org.apache.commons.lang.time.FastDateFormat,619
Sat Jul 16 13:07:39 UTC 2022 org.apache.commons.lang.time.FastDateFormat,686
Sat Jul 16 13:08:14 UTC 2022 org.apache.commons.lang.time.FastDateFormat,687
Sat Jul 16 13:08:14 UTC 2022 org.apache.commons.lang.time.FastDateFormat,688
Sat Jul 16 13:08:14 UTC 2022 org.apache.commons.lang.time.FastDateFormat,697
Sat Jul 16 13:13:45 UTC 2022 org.apache.commons.lang.time.FastDateFormat,700
Timeout time : 22/07/16 13:15
