=================================================
Project : closure_115	start : 22/07/16 15:49
Current failed test : com.google.javascript.jscomp.InlineFunctionsTest::testNoInlineIfParametersModified8 | 22/07/16 15:50
Sat Jul 16 15:50:28 UTC 2022 com.google.javascript.rhino.Node,1430
Sat Jul 16 15:50:31 UTC 2022 com.google.javascript.rhino.Node,1446
Sat Jul 16 15:50:36 UTC 2022 com.google.javascript.rhino.Node,1459
Sat Jul 16 15:50:39 UTC 2022 Sat Jul 16 15:50:39 UTC 2022 : com.google.javascript.rhino.Node,2194=>Find no block
Sat Jul 16 15:50:39 UTC 2022 com.google.javascript.rhino.Node,2195
Sat Jul 16 15:50:42 UTC 2022 com.google.javascript.rhino.Node,2196
Sat Jul 16 15:50:43 UTC 2022 Sat Jul 16 15:50:43 UTC 2022 : com.google.javascript.rhino.Node,2197=>Find no block
Sat Jul 16 15:50:43 UTC 2022 com.google.javascript.jscomp.FunctionInjector,731

----------------------------------------
----------------------------------------
Pass Single Test : [=>0,0]
if(cArg==null&&NodeUtil.canBeSideEffected(cArg)){
return CanInlineResult.NO;
}

Time : 22/07/16 15:51
----------------------------------------

----------------------------------------
----------------------------------------
Similar code block : 1.1694744451420718 : [/data/MutationAnalysis/target_classes_comment_new/Closure/Closure_115_buggy/src/com/google/javascript/jscomp/FunctionInjector.java=>0,0]
if(NodeUtil.isFunctionObjectCall(callNode)){
if(cArg==null||!cArg.isThis()){
return CanInlineResult.NO;
}
cArg=cArg.getNext();
}else {
Preconditions.checkState(!NodeUtil.isFunctionObjectApply(callNode));
}

Time : 22/07/16 15:53
----------------------------------------

----------------------------------------
----------------------------------------
Original source code : [/data/MutationAnalysis/target_classes_comment_new/Closure/Closure_115_buggy/src/com/google/javascript/jscomp/FunctionInjector.java=>730,732]
if(hasSideEffects&&NodeUtil.canBeSideEffected(cArg)){
return CanInlineResult.NO;
}

Time : 22/07/16 15:53
----------------------------------------

----------------------------------------
----------------------------------------
Find a patch : [/data/MutationAnalysis/target_classes_comment_new/Closure/Closure_115_buggy/src/com/google/javascript/jscomp/FunctionInjector.java=>730,732]
if(cArg==null&&NodeUtil.canBeSideEffected(cArg)){
return CanInlineResult.NO;
}

Time : 22/07/16 15:53
----------------------------------------

----------------------------------------
----------------------------------------
Pass Single Test : [=>0,0]
if(cArg!=null&&NodeUtil.isFunctionObjectCall(callNode)){
return CanInlineResult.NO;
}

Time : 22/07/16 15:53
----------------------------------------

----------------------------------------
----------------------------------------
Pass Single Test : [=>0,0]
if(hasSideEffects&&NodeUtil.isFunctionObjectCall(callNode)){
return CanInlineResult.NO;
}

Time : 22/07/16 15:55
----------------------------------------

----------------------------------------
----------------------------------------
Similar code block : 1.060273458693099 : [/data/MutationAnalysis/target_classes_comment_new/Closure/Closure_115_buggy/src/com/google/javascript/jscomp/FunctionInjector.java=>0,0]
if(cArg!=null&&NodeUtil.isFunctionObjectCall(callNode)){
argMap.put(THIS_MARKER,cArg);
cArg=cArg.getNext();
}else {
Preconditions.checkState(!NodeUtil.isFunctionObjectApply(callNode));
argMap.put(THIS_MARKER,NodeUtil.newUndefinedNode(callNode));
}

Time : 22/07/16 15:57
----------------------------------------

----------------------------------------
----------------------------------------
Original source code : [/data/MutationAnalysis/target_classes_comment_new/Closure/Closure_115_buggy/src/com/google/javascript/jscomp/FunctionInjector.java=>730,732]
if(hasSideEffects&&NodeUtil.canBeSideEffected(cArg)){
return CanInlineResult.NO;
}

Time : 22/07/16 15:57
----------------------------------------

----------------------------------------
----------------------------------------
Find a patch : [/data/MutationAnalysis/target_classes_comment_new/Closure/Closure_115_buggy/src/com/google/javascript/jscomp/FunctionInjector.java=>730,732]
if(hasSideEffects&&NodeUtil.isFunctionObjectCall(callNode)){
return CanInlineResult.NO;
}

Time : 22/07/16 15:57
----------------------------------------
Sat Jul 16 15:57:07 UTC 2022 com.google.javascript.jscomp.FunctionToBlockMutator,201
Sat Jul 16 15:57:45 UTC 2022 Sat Jul 16 15:57:45 UTC 2022 : com.google.javascript.jscomp.FunctionToBlockMutator,192=>Find no block
Sat Jul 16 15:57:46 UTC 2022 com.google.javascript.jscomp.InlineFunctions,503
Sat Jul 16 16:02:42 UTC 2022 com.google.javascript.jscomp.InlineFunctions,504
Sat Jul 16 16:02:43 UTC 2022 com.google.javascript.jscomp.InlineFunctions,541
Sat Jul 16 16:03:28 UTC 2022 com.google.javascript.jscomp.RenameLabels,188
Sat Jul 16 16:32:18 UTC 2022 com.google.javascript.jscomp.RenameLabels,198
Sat Jul 16 16:44:30 UTC 2022 com.google.javascript.jscomp.RenameLabels,199
Timeout time : 22/07/16 16:50
Current failed test : com.google.javascript.jscomp.InlineFunctionsTest::testBug4944818 | 22/07/16 16:50
Sat Jul 16 16:50:31 UTC 2022 com.google.javascript.rhino.Node,1430
Sat Jul 16 16:50:34 UTC 2022 com.google.javascript.rhino.Node,1446
Sat Jul 16 16:50:37 UTC 2022 com.google.javascript.rhino.Node,1459
Sat Jul 16 16:50:41 UTC 2022 Sat Jul 16 16:50:41 UTC 2022 : com.google.javascript.rhino.Node,2194=>Find no block
Sat Jul 16 16:50:41 UTC 2022 com.google.javascript.rhino.Node,2195
Sat Jul 16 16:50:44 UTC 2022 com.google.javascript.rhino.Node,2196
Sat Jul 16 16:50:45 UTC 2022 Sat Jul 16 16:50:45 UTC 2022 : com.google.javascript.rhino.Node,2197=>Find no block
Sat Jul 16 16:50:45 UTC 2022 com.google.javascript.jscomp.FunctionInjector,731

----------------------------------------
----------------------------------------
Pass Single Test : [=>0,0]
if(cArg==null&&NodeUtil.canBeSideEffected(cArg)){
return CanInlineResult.NO;
}

Time : 22/07/16 16:51
----------------------------------------

----------------------------------------
----------------------------------------
Similar code block : 1.1694744451420718 : [/data/MutationAnalysis/target_classes_comment_new/Closure/Closure_115_buggy/src/com/google/javascript/jscomp/FunctionInjector.java=>0,0]
if(NodeUtil.isFunctionObjectCall(callNode)){
if(cArg==null||!cArg.isThis()){
return CanInlineResult.NO;
}
cArg=cArg.getNext();
}else {
Preconditions.checkState(!NodeUtil.isFunctionObjectApply(callNode));
}

Time : 22/07/16 16:53
----------------------------------------

----------------------------------------
----------------------------------------
Original source code : [/data/MutationAnalysis/target_classes_comment_new/Closure/Closure_115_buggy/src/com/google/javascript/jscomp/FunctionInjector.java=>730,732]
if(hasSideEffects&&NodeUtil.canBeSideEffected(cArg)){
return CanInlineResult.NO;
}

Time : 22/07/16 16:53
----------------------------------------

----------------------------------------
----------------------------------------
Find a patch : [/data/MutationAnalysis/target_classes_comment_new/Closure/Closure_115_buggy/src/com/google/javascript/jscomp/FunctionInjector.java=>730,732]
if(cArg==null&&NodeUtil.canBeSideEffected(cArg)){
return CanInlineResult.NO;
}

Time : 22/07/16 16:53
----------------------------------------

----------------------------------------
----------------------------------------
Pass Single Test : [=>0,0]
if(cArg!=null&&NodeUtil.isFunctionObjectCall(callNode)){
return CanInlineResult.NO;
}

Time : 22/07/16 16:53
----------------------------------------

----------------------------------------
----------------------------------------
Pass Single Test : [=>0,0]
if(hasSideEffects&&NodeUtil.isFunctionObjectCall(callNode)){
return CanInlineResult.NO;
}

Time : 22/07/16 16:55
----------------------------------------

----------------------------------------
----------------------------------------
Similar code block : 1.060273458693099 : [/data/MutationAnalysis/target_classes_comment_new/Closure/Closure_115_buggy/src/com/google/javascript/jscomp/FunctionInjector.java=>0,0]
if(cArg!=null&&NodeUtil.isFunctionObjectCall(callNode)){
argMap.put(THIS_MARKER,cArg);
cArg=cArg.getNext();
}else {
Preconditions.checkState(!NodeUtil.isFunctionObjectApply(callNode));
argMap.put(THIS_MARKER,NodeUtil.newUndefinedNode(callNode));
}

Time : 22/07/16 16:57
----------------------------------------

----------------------------------------
----------------------------------------
Original source code : [/data/MutationAnalysis/target_classes_comment_new/Closure/Closure_115_buggy/src/com/google/javascript/jscomp/FunctionInjector.java=>730,732]
if(hasSideEffects&&NodeUtil.canBeSideEffected(cArg)){
return CanInlineResult.NO;
}

Time : 22/07/16 16:57
----------------------------------------

----------------------------------------
----------------------------------------
Find a patch : [/data/MutationAnalysis/target_classes_comment_new/Closure/Closure_115_buggy/src/com/google/javascript/jscomp/FunctionInjector.java=>730,732]
if(hasSideEffects&&NodeUtil.isFunctionObjectCall(callNode)){
return CanInlineResult.NO;
}

Time : 22/07/16 16:57
----------------------------------------
Sat Jul 16 16:57:02 UTC 2022 com.google.javascript.jscomp.FunctionToBlockMutator,201
Sat Jul 16 16:57:39 UTC 2022 Sat Jul 16 16:57:39 UTC 2022 : com.google.javascript.jscomp.FunctionToBlockMutator,192=>Find no block
Sat Jul 16 16:57:40 UTC 2022 com.google.javascript.jscomp.InlineFunctions,503
Sat Jul 16 17:02:33 UTC 2022 com.google.javascript.jscomp.InlineFunctions,504
Sat Jul 16 17:02:34 UTC 2022 com.google.javascript.jscomp.InlineFunctions,541
Sat Jul 16 17:03:22 UTC 2022 com.google.javascript.jscomp.RenameLabels,188
Sat Jul 16 17:31:05 UTC 2022 com.google.javascript.jscomp.RenameLabels,198
Sat Jul 16 17:42:52 UTC 2022 com.google.javascript.jscomp.RenameLabels,199
Timeout time : 22/07/16 17:50
Current failed test : com.google.javascript.jscomp.InlineFunctionsTest::testDoubleInlining1 | 22/07/16 17:50
Sat Jul 16 17:50:31 UTC 2022 com.google.javascript.rhino.Node,1430
Sat Jul 16 17:50:34 UTC 2022 com.google.javascript.rhino.Node,1446
Sat Jul 16 17:50:37 UTC 2022 com.google.javascript.rhino.Node,1459
Sat Jul 16 17:50:40 UTC 2022 Sat Jul 16 17:50:40 UTC 2022 : com.google.javascript.rhino.Node,2194=>Find no block
Sat Jul 16 17:50:40 UTC 2022 com.google.javascript.rhino.Node,2195
Sat Jul 16 17:50:42 UTC 2022 com.google.javascript.rhino.Node,2196
Sat Jul 16 17:50:43 UTC 2022 Sat Jul 16 17:50:43 UTC 2022 : com.google.javascript.rhino.Node,2197=>Find no block
Sat Jul 16 17:50:43 UTC 2022 com.google.javascript.jscomp.FunctionInjector,731

----------------------------------------
----------------------------------------
Pass Single Test : [=>0,0]
if(cArg==null&&NodeUtil.canBeSideEffected(cArg)){
return CanInlineResult.NO;
}

Time : 22/07/16 17:51
----------------------------------------

----------------------------------------
----------------------------------------
Similar code block : 1.1694744451420718 : [/data/MutationAnalysis/target_classes_comment_new/Closure/Closure_115_buggy/src/com/google/javascript/jscomp/FunctionInjector.java=>0,0]
if(NodeUtil.isFunctionObjectCall(callNode)){
if(cArg==null||!cArg.isThis()){
return CanInlineResult.NO;
}
cArg=cArg.getNext();
}else {
Preconditions.checkState(!NodeUtil.isFunctionObjectApply(callNode));
}

Time : 22/07/16 17:52
----------------------------------------

----------------------------------------
----------------------------------------
Original source code : [/data/MutationAnalysis/target_classes_comment_new/Closure/Closure_115_buggy/src/com/google/javascript/jscomp/FunctionInjector.java=>730,732]
if(hasSideEffects&&NodeUtil.canBeSideEffected(cArg)){
return CanInlineResult.NO;
}

Time : 22/07/16 17:52
----------------------------------------

----------------------------------------
----------------------------------------
Find a patch : [/data/MutationAnalysis/target_classes_comment_new/Closure/Closure_115_buggy/src/com/google/javascript/jscomp/FunctionInjector.java=>730,732]
if(cArg==null&&NodeUtil.canBeSideEffected(cArg)){
return CanInlineResult.NO;
}

Time : 22/07/16 17:52
----------------------------------------

----------------------------------------
----------------------------------------
Pass Single Test : [=>0,0]
if(cArg!=null&&NodeUtil.isFunctionObjectCall(callNode)){
return CanInlineResult.NO;
}

Time : 22/07/16 17:53
----------------------------------------

----------------------------------------
----------------------------------------
Pass Single Test : [=>0,0]
if(hasSideEffects&&NodeUtil.isFunctionObjectCall(callNode)){
return CanInlineResult.NO;
}

Time : 22/07/16 17:55
----------------------------------------

----------------------------------------
----------------------------------------
Similar code block : 1.060273458693099 : [/data/MutationAnalysis/target_classes_comment_new/Closure/Closure_115_buggy/src/com/google/javascript/jscomp/FunctionInjector.java=>0,0]
if(cArg!=null&&NodeUtil.isFunctionObjectCall(callNode)){
argMap.put(THIS_MARKER,cArg);
cArg=cArg.getNext();
}else {
Preconditions.checkState(!NodeUtil.isFunctionObjectApply(callNode));
argMap.put(THIS_MARKER,NodeUtil.newUndefinedNode(callNode));
}

Time : 22/07/16 17:56
----------------------------------------

----------------------------------------
----------------------------------------
Original source code : [/data/MutationAnalysis/target_classes_comment_new/Closure/Closure_115_buggy/src/com/google/javascript/jscomp/FunctionInjector.java=>730,732]
if(hasSideEffects&&NodeUtil.canBeSideEffected(cArg)){
return CanInlineResult.NO;
}

Time : 22/07/16 17:56
----------------------------------------

----------------------------------------
----------------------------------------
Find a patch : [/data/MutationAnalysis/target_classes_comment_new/Closure/Closure_115_buggy/src/com/google/javascript/jscomp/FunctionInjector.java=>730,732]
if(hasSideEffects&&NodeUtil.isFunctionObjectCall(callNode)){
return CanInlineResult.NO;
}

Time : 22/07/16 17:56
----------------------------------------
Sat Jul 16 17:56:52 UTC 2022 com.google.javascript.jscomp.FunctionToBlockMutator,201
Sat Jul 16 17:57:26 UTC 2022 Sat Jul 16 17:57:26 UTC 2022 : com.google.javascript.jscomp.FunctionToBlockMutator,192=>Find no block
Sat Jul 16 17:57:27 UTC 2022 com.google.javascript.jscomp.InlineFunctions,503
Sat Jul 16 18:02:15 UTC 2022 com.google.javascript.jscomp.InlineFunctions,504
Sat Jul 16 18:02:15 UTC 2022 com.google.javascript.jscomp.InlineFunctions,541
Sat Jul 16 18:02:59 UTC 2022 com.google.javascript.jscomp.RenameLabels,188
Sat Jul 16 18:30:26 UTC 2022 com.google.javascript.jscomp.RenameLabels,198
Sat Jul 16 18:41:56 UTC 2022 com.google.javascript.jscomp.RenameLabels,199
Timeout time : 22/07/16 18:50
Current failed test : com.google.javascript.jscomp.InlineFunctionsTest::testNoInlineIfParametersModified9 | 22/07/16 18:50
Sat Jul 16 18:50:41 UTC 2022 com.google.javascript.rhino.Node,1430
Sat Jul 16 18:50:44 UTC 2022 com.google.javascript.rhino.Node,1446
Sat Jul 16 18:50:47 UTC 2022 com.google.javascript.rhino.Node,1459
Sat Jul 16 18:50:50 UTC 2022 Sat Jul 16 18:50:50 UTC 2022 : com.google.javascript.rhino.Node,2194=>Find no block
Sat Jul 16 18:50:50 UTC 2022 com.google.javascript.rhino.Node,2195
Sat Jul 16 18:50:52 UTC 2022 com.google.javascript.rhino.Node,2196
Sat Jul 16 18:50:53 UTC 2022 Sat Jul 16 18:50:53 UTC 2022 : com.google.javascript.rhino.Node,2197=>Find no block
Sat Jul 16 18:50:53 UTC 2022 com.google.javascript.jscomp.FunctionInjector,731

----------------------------------------
----------------------------------------
Pass Single Test : [=>0,0]
if(cArg==null&&NodeUtil.canBeSideEffected(cArg)){
return CanInlineResult.NO;
}

Time : 22/07/16 18:51
----------------------------------------

----------------------------------------
----------------------------------------
Similar code block : 1.1694744451420718 : [/data/MutationAnalysis/target_classes_comment_new/Closure/Closure_115_buggy/src/com/google/javascript/jscomp/FunctionInjector.java=>0,0]
if(NodeUtil.isFunctionObjectCall(callNode)){
if(cArg==null||!cArg.isThis()){
return CanInlineResult.NO;
}
cArg=cArg.getNext();
}else {
Preconditions.checkState(!NodeUtil.isFunctionObjectApply(callNode));
}

Time : 22/07/16 18:52
----------------------------------------

----------------------------------------
----------------------------------------
Original source code : [/data/MutationAnalysis/target_classes_comment_new/Closure/Closure_115_buggy/src/com/google/javascript/jscomp/FunctionInjector.java=>730,732]
if(hasSideEffects&&NodeUtil.canBeSideEffected(cArg)){
return CanInlineResult.NO;
}

Time : 22/07/16 18:52
----------------------------------------

----------------------------------------
----------------------------------------
Find a patch : [/data/MutationAnalysis/target_classes_comment_new/Closure/Closure_115_buggy/src/com/google/javascript/jscomp/FunctionInjector.java=>730,732]
if(cArg==null&&NodeUtil.canBeSideEffected(cArg)){
return CanInlineResult.NO;
}

Time : 22/07/16 18:52
----------------------------------------

----------------------------------------
----------------------------------------
Pass Single Test : [=>0,0]
if(cArg!=null&&NodeUtil.isFunctionObjectCall(callNode)){
return CanInlineResult.NO;
}

Time : 22/07/16 18:53
----------------------------------------

----------------------------------------
----------------------------------------
Pass Single Test : [=>0,0]
if(hasSideEffects&&NodeUtil.isFunctionObjectCall(callNode)){
return CanInlineResult.NO;
}

Time : 22/07/16 18:55
----------------------------------------

----------------------------------------
----------------------------------------
Similar code block : 1.060273458693099 : [/data/MutationAnalysis/target_classes_comment_new/Closure/Closure_115_buggy/src/com/google/javascript/jscomp/FunctionInjector.java=>0,0]
if(cArg!=null&&NodeUtil.isFunctionObjectCall(callNode)){
argMap.put(THIS_MARKER,cArg);
cArg=cArg.getNext();
}else {
Preconditions.checkState(!NodeUtil.isFunctionObjectApply(callNode));
argMap.put(THIS_MARKER,NodeUtil.newUndefinedNode(callNode));
}

Time : 22/07/16 18:56
----------------------------------------

----------------------------------------
----------------------------------------
Original source code : [/data/MutationAnalysis/target_classes_comment_new/Closure/Closure_115_buggy/src/com/google/javascript/jscomp/FunctionInjector.java=>730,732]
if(hasSideEffects&&NodeUtil.canBeSideEffected(cArg)){
return CanInlineResult.NO;
}

Time : 22/07/16 18:56
----------------------------------------

----------------------------------------
----------------------------------------
Find a patch : [/data/MutationAnalysis/target_classes_comment_new/Closure/Closure_115_buggy/src/com/google/javascript/jscomp/FunctionInjector.java=>730,732]
if(hasSideEffects&&NodeUtil.isFunctionObjectCall(callNode)){
return CanInlineResult.NO;
}

Time : 22/07/16 18:56
----------------------------------------
Sat Jul 16 18:56:37 UTC 2022 com.google.javascript.jscomp.FunctionToBlockMutator,201
Sat Jul 16 18:57:09 UTC 2022 Sat Jul 16 18:57:09 UTC 2022 : com.google.javascript.jscomp.FunctionToBlockMutator,192=>Find no block
Sat Jul 16 18:57:09 UTC 2022 com.google.javascript.jscomp.InlineFunctions,503
Sat Jul 16 19:02:44 UTC 2022 com.google.javascript.jscomp.InlineFunctions,504
Sat Jul 16 19:02:45 UTC 2022 com.google.javascript.jscomp.InlineFunctions,541
Sat Jul 16 19:03:29 UTC 2022 com.google.javascript.jscomp.RenameLabels,188
Sat Jul 16 19:32:10 UTC 2022 com.google.javascript.jscomp.RenameLabels,198
Sat Jul 16 19:43:35 UTC 2022 com.google.javascript.jscomp.RenameLabels,199
Timeout time : 22/07/16 19:50
Current failed test : com.google.javascript.jscomp.InlineFunctionsTest::testInlineFunctions6 | 22/07/16 19:50
Sat Jul 16 19:50:51 UTC 2022 com.google.javascript.rhino.Node,1430
Sat Jul 16 19:50:54 UTC 2022 com.google.javascript.rhino.Node,1446
Sat Jul 16 19:50:57 UTC 2022 com.google.javascript.rhino.Node,1459
Sat Jul 16 19:50:59 UTC 2022 Sat Jul 16 19:50:59 UTC 2022 : com.google.javascript.rhino.Node,2194=>Find no block
Sat Jul 16 19:51:00 UTC 2022 com.google.javascript.rhino.Node,2195
Sat Jul 16 19:51:02 UTC 2022 com.google.javascript.rhino.Node,2196
Sat Jul 16 19:51:02 UTC 2022 Sat Jul 16 19:51:02 UTC 2022 : com.google.javascript.rhino.Node,2197=>Find no block
Sat Jul 16 19:51:03 UTC 2022 com.google.javascript.jscomp.FunctionInjector,731

----------------------------------------
----------------------------------------
Pass Single Test : [=>0,0]
if(cArg==null&&NodeUtil.canBeSideEffected(cArg)){
return CanInlineResult.NO;
}

Time : 22/07/16 19:51
----------------------------------------

----------------------------------------
----------------------------------------
Similar code block : 1.1694744451420718 : [/data/MutationAnalysis/target_classes_comment_new/Closure/Closure_115_buggy/src/com/google/javascript/jscomp/FunctionInjector.java=>0,0]
if(NodeUtil.isFunctionObjectCall(callNode)){
if(cArg==null||!cArg.isThis()){
return CanInlineResult.NO;
}
cArg=cArg.getNext();
}else {
Preconditions.checkState(!NodeUtil.isFunctionObjectApply(callNode));
}

Time : 22/07/16 19:53
----------------------------------------

----------------------------------------
----------------------------------------
Original source code : [/data/MutationAnalysis/target_classes_comment_new/Closure/Closure_115_buggy/src/com/google/javascript/jscomp/FunctionInjector.java=>730,732]
if(hasSideEffects&&NodeUtil.canBeSideEffected(cArg)){
return CanInlineResult.NO;
}

Time : 22/07/16 19:53
----------------------------------------

----------------------------------------
----------------------------------------
Find a patch : [/data/MutationAnalysis/target_classes_comment_new/Closure/Closure_115_buggy/src/com/google/javascript/jscomp/FunctionInjector.java=>730,732]
if(cArg==null&&NodeUtil.canBeSideEffected(cArg)){
return CanInlineResult.NO;
}

Time : 22/07/16 19:53
----------------------------------------

----------------------------------------
----------------------------------------
Pass Single Test : [=>0,0]
if(cArg!=null&&NodeUtil.isFunctionObjectCall(callNode)){
return CanInlineResult.NO;
}

Time : 22/07/16 19:53
----------------------------------------

----------------------------------------
----------------------------------------
Pass Single Test : [=>0,0]
if(hasSideEffects&&NodeUtil.isFunctionObjectCall(callNode)){
return CanInlineResult.NO;
}

Time : 22/07/16 19:55
----------------------------------------

----------------------------------------
----------------------------------------
Similar code block : 1.060273458693099 : [/data/MutationAnalysis/target_classes_comment_new/Closure/Closure_115_buggy/src/com/google/javascript/jscomp/FunctionInjector.java=>0,0]
if(cArg!=null&&NodeUtil.isFunctionObjectCall(callNode)){
argMap.put(THIS_MARKER,cArg);
cArg=cArg.getNext();
}else {
Preconditions.checkState(!NodeUtil.isFunctionObjectApply(callNode));
argMap.put(THIS_MARKER,NodeUtil.newUndefinedNode(callNode));
}

Time : 22/07/16 19:56
----------------------------------------

----------------------------------------
----------------------------------------
Original source code : [/data/MutationAnalysis/target_classes_comment_new/Closure/Closure_115_buggy/src/com/google/javascript/jscomp/FunctionInjector.java=>730,732]
if(hasSideEffects&&NodeUtil.canBeSideEffected(cArg)){
return CanInlineResult.NO;
}

Time : 22/07/16 19:56
----------------------------------------

----------------------------------------
----------------------------------------
Find a patch : [/data/MutationAnalysis/target_classes_comment_new/Closure/Closure_115_buggy/src/com/google/javascript/jscomp/FunctionInjector.java=>730,732]
if(hasSideEffects&&NodeUtil.isFunctionObjectCall(callNode)){
return CanInlineResult.NO;
}

Time : 22/07/16 19:56
----------------------------------------
Sat Jul 16 19:56:52 UTC 2022 com.google.javascript.jscomp.FunctionToBlockMutator,201
Sat Jul 16 19:57:26 UTC 2022 Sat Jul 16 19:57:26 UTC 2022 : com.google.javascript.jscomp.FunctionToBlockMutator,192=>Find no block
Sat Jul 16 19:57:26 UTC 2022 com.google.javascript.jscomp.InlineFunctions,503
Sat Jul 16 20:01:58 UTC 2022 com.google.javascript.jscomp.InlineFunctions,504
Sat Jul 16 20:01:58 UTC 2022 com.google.javascript.jscomp.InlineFunctions,541
Sat Jul 16 20:02:39 UTC 2022 com.google.javascript.jscomp.RenameLabels,188
Sat Jul 16 20:28:34 UTC 2022 com.google.javascript.jscomp.RenameLabels,198
Sat Jul 16 20:39:15 UTC 2022 com.google.javascript.jscomp.RenameLabels,199
Timeout time : 22/07/16 20:50
